<html>
<head>
<title>TestNG:  Mobile Tests</title>
<link href="../testng.css" rel="stylesheet" type="text/css" />
<link href="../my-testng.css" rel="stylesheet" type="text/css" />

<style type="text/css">
.log { display: none;} 
.stack-trace { display: none;} 
</style>
<script type="text/javascript">
<!--
function flip(e) {
  current = e.style.display;
  if (current == 'block') {
    e.style.display = 'none';
    return 0;
  }
  else {
    e.style.display = 'block';
    return 1;
  }
}

function toggleBox(szDivId, elem, msg1, msg2)
{
  var res = -1;  if (document.getElementById) {
    res = flip(document.getElementById(szDivId));
  }
  else if (document.all) {
    // this is the way old msie versions work
    res = flip(document.all[szDivId]);
  }
  if(elem) {
    if(res == 0) elem.innerHTML = msg1; else elem.innerHTML = msg2;
  }

}

function toggleAllBoxes() {
  if (document.getElementsByTagName) {
    d = document.getElementsByTagName('div');
    for (i = 0; i < d.length; i++) {
      if (d[i].className == 'log') {
        flip(d[i]);
      }
    }
  }
}

// -->
</script>

</head>
<body>
<h2 align='center'>Mobile Tests</h2><table border='1' align="center">
<tr>
<td>Tests passed/Failed/Skipped:</td><td>0/0/5</td>
</tr><tr>
<td>Started on:</td><td>Thu Dec 02 11:03:40 IST 2021</td>
</tr>
<tr><td>Total time:</td><td>1 seconds (1623 ms)</td>
</tr><tr>
<td>Included groups:</td><td></td>
</tr><tr>
<td>Excluded groups:</td><td></td>
</tr>
</table><p/>
<small><i>(Hover the method name to see the test class name)</i></small><p/>
<table width='100%' border='1' class='invocation-failed'>
<tr><td colspan='4' align='center'><b>FAILED CONFIGURATIONS</b></td></tr>
<tr><td><b>Test method</b></td>
<td width="30%"><b>Exception</b></td>
<td width="10%"><b>Time (seconds)</b></td>
<td><b>Instance</b></td>
</tr>
<tr>
<td title='Sanity_tests.Calculator_desktop.startSession()'><b>startSession</b><br>Test class: Sanity_tests.Calculator_desktop<br>Parameters: desktop</td>
<td><div><pre>org.openqa.selenium.SessionNotCreatedException: Unable to create a new remote session. Please check the server log for more details. Original error: Unable to parse remote response: &lt;html&gt;
&lt;head&gt;
   &lt;title&gt;Status page&lt;/title&gt;
&lt;/head&gt;
&lt;body style=&quot;font-family: sans-serif;&quot;&gt;
&lt;p style=&quot;font-size: 1.2em;font-weight: bold;margin: 1em 0px;&quot;&gt;Not Found&lt;/p&gt;
&lt;p&gt;The server has not found anything matching the request URI&lt;/p&gt;
&lt;p&gt;You can get technical details &lt;a href=&quot;http://www.w3.org/Protocols/rfc2616/rfc2616-sec10.html#sec10.4.5&quot;&gt;here&lt;/a&gt;.&lt;br&gt;
Please continue your visit at our &lt;a href=&quot;/&quot;&gt;home page&lt;/a&gt;.
&lt;/p&gt;
&lt;/body&gt;
&lt;/html&gt;

Build info: version: &apos;3.141.59&apos;, revision: &apos;e82be7d358&apos;, time: &apos;2018-11-14T08:17:03&apos;
System info: host: &apos;LAPTOP-IQLCMPV6&apos;, ip: &apos;192.168.56.1&apos;, os.name: &apos;Windows 10&apos;, os.arch: &apos;amd64&apos;, os.version: &apos;10.0&apos;, java.version: &apos;1.8.0_291&apos;
Driver info: driver.version: WindowsDriver
	at io.appium.java_client.remote.AppiumCommandExecutor$1.createSession(AppiumCommandExecutor.java:208)
	at io.appium.java_client.remote.AppiumCommandExecutor.createSession(AppiumCommandExecutor.java:217)
	at io.appium.java_client.remote.AppiumCommandExecutor.execute(AppiumCommandExecutor.java:239)
	at org.openqa.selenium.remote.RemoteWebDriver.execute(RemoteWebDriver.java:552)
	at io.appium.java_client.DefaultGenericMobileDriver.execute(DefaultGenericMobileDriver.java:41)
	at io.appium.java_client.AppiumDriver.execute(AppiumDriver.java:1)
	at io.appium.java_client.windows.WindowsDriver.execute(WindowsDriver.java:1)
	at org.openqa.selenium.remote.RemoteWebDriver.startSession(RemoteWebDriver.java:213)
	at io.appium.java_client.AppiumDriver.startSession(AppiumDriver.java:323)
	at org.openqa.selenium.remote.RemoteWebDriver.&lt;init&gt;(RemoteWebDriver.java:131)
	at io.appium.java_client.DefaultGenericMobileDriver.&lt;init&gt;(DefaultGenericMobileDriver.java:37)
	at io.appium.java_client.AppiumDriver.&lt;init&gt;(AppiumDriver.java:86)
	at io.appium.java_client.AppiumDriver.&lt;init&gt;(AppiumDriver.java:96)
	at io.appium.java_client.windows.WindowsDriver.&lt;init&gt;(WindowsDriver.java:42)
	at Utilities.common_ops.init_desktop(common_ops.java:134)
	at Utilities.common_ops.startSession(common_ops.java:166)
	at java.util.ArrayList.forEach(Unknown Source)
	at io.appium.java_client.remote.AppiumCommandExecutor$1.createSession(AppiumCommandExecutor.java:186)
	... 45 more
Caused by: org.openqa.selenium.WebDriverException: Unable to parse remote response: &lt;html&gt;
&lt;head&gt;
   &lt;title&gt;Status page&lt;/title&gt;
&lt;/head&gt;
&lt;body style=&quot;font-family: sans-serif;&quot;&gt;
&lt;p style=&quot;font-size: 1.2em;font-weight: bold;margin: 1em 0px;&quot;&gt;Not Found&lt;/p&gt;
&lt;p&gt;The server has not found anything matching the request URI&lt;/p&gt;
&lt;p&gt;You can get technical details &lt;a href=&quot;http://www.w3.org/Protocols/rfc2616/rfc2616-sec10.html#sec10.4.5&quot;&gt;here&lt;/a&gt;.&lt;br&gt;
Please continue your visit at our &lt;a href=&quot;/&quot;&gt;home page&lt;/a&gt;.
&lt;/p&gt;
&lt;/body&gt;
&lt;/html&gt;

	at org.openqa.selenium.remote.ProtocolHandshake.createSession(ProtocolHandshake.java:115)
	... 50 more
Caused by: org.openqa.selenium.json.JsonException: Unable to determine type from: &lt;. Last 1 characters read: &lt;
Build info: version: &apos;3.141.59&apos;, revision: &apos;e82be7d358&apos;, time: &apos;2018-11-14T08:17:03&apos;
System info: host: &apos;LAPTOP-IQLCMPV6&apos;, ip: &apos;192.168.56.1&apos;, os.name: &apos;Windows 10&apos;, os.arch: &apos;amd64&apos;, os.version: &apos;10.0&apos;, java.version: &apos;1.8.0_291&apos;
Driver info: driver.version: WindowsDriver
	at org.openqa.selenium.json.JsonInput.peek(JsonInput.java:122)
	at org.openqa.selenium.json.JsonTypeCoercer.lambda$null$6(JsonTypeCoercer.java:140)
	at org.openqa.selenium.json.JsonTypeCoercer.coerce(JsonTypeCoercer.java:126)
	at org.openqa.selenium.json.Json.toType(Json.java:69)
	at org.openqa.selenium.json.Json.toType(Json.java:55)
	at org.openqa.selenium.json.Json.toType(Json.java:50)
	at org.openqa.selenium.remote.ProtocolHandshake.createSession(ProtocolHandshake.java:112)
	... 50 more
... Removed 34 stack frames</pre></div><a href='#' onClick='toggleBox("stack-trace124407148", this, "Click to show all stack frames", "Click to hide stack frames")'>Click to show all stack frames</a>
<div class='stack-trace' id='stack-trace124407148'><pre>org.openqa.selenium.SessionNotCreatedException: Unable to create a new remote session. Please check the server log for more details. Original error: Unable to parse remote response: &lt;html&gt;
&lt;head&gt;
   &lt;title&gt;Status page&lt;/title&gt;
&lt;/head&gt;
&lt;body style=&quot;font-family: sans-serif;&quot;&gt;
&lt;p style=&quot;font-size: 1.2em;font-weight: bold;margin: 1em 0px;&quot;&gt;Not Found&lt;/p&gt;
&lt;p&gt;The server has not found anything matching the request URI&lt;/p&gt;
&lt;p&gt;You can get technical details &lt;a href=&quot;http://www.w3.org/Protocols/rfc2616/rfc2616-sec10.html#sec10.4.5&quot;&gt;here&lt;/a&gt;.&lt;br&gt;
Please continue your visit at our &lt;a href=&quot;/&quot;&gt;home page&lt;/a&gt;.
&lt;/p&gt;
&lt;/body&gt;
&lt;/html&gt;

Build info: version: &apos;3.141.59&apos;, revision: &apos;e82be7d358&apos;, time: &apos;2018-11-14T08:17:03&apos;
System info: host: &apos;LAPTOP-IQLCMPV6&apos;, ip: &apos;192.168.56.1&apos;, os.name: &apos;Windows 10&apos;, os.arch: &apos;amd64&apos;, os.version: &apos;10.0&apos;, java.version: &apos;1.8.0_291&apos;
Driver info: driver.version: WindowsDriver
	at io.appium.java_client.remote.AppiumCommandExecutor$1.createSession(AppiumCommandExecutor.java:208)
	at io.appium.java_client.remote.AppiumCommandExecutor.createSession(AppiumCommandExecutor.java:217)
	at io.appium.java_client.remote.AppiumCommandExecutor.execute(AppiumCommandExecutor.java:239)
	at org.openqa.selenium.remote.RemoteWebDriver.execute(RemoteWebDriver.java:552)
	at io.appium.java_client.DefaultGenericMobileDriver.execute(DefaultGenericMobileDriver.java:41)
	at io.appium.java_client.AppiumDriver.execute(AppiumDriver.java:1)
	at io.appium.java_client.windows.WindowsDriver.execute(WindowsDriver.java:1)
	at org.openqa.selenium.remote.RemoteWebDriver.startSession(RemoteWebDriver.java:213)
	at io.appium.java_client.AppiumDriver.startSession(AppiumDriver.java:323)
	at org.openqa.selenium.remote.RemoteWebDriver.&lt;init&gt;(RemoteWebDriver.java:131)
	at io.appium.java_client.DefaultGenericMobileDriver.&lt;init&gt;(DefaultGenericMobileDriver.java:37)
	at io.appium.java_client.AppiumDriver.&lt;init&gt;(AppiumDriver.java:86)
	at io.appium.java_client.AppiumDriver.&lt;init&gt;(AppiumDriver.java:96)
	at io.appium.java_client.windows.WindowsDriver.&lt;init&gt;(WindowsDriver.java:42)
	at Utilities.common_ops.init_desktop(common_ops.java:134)
	at Utilities.common_ops.startSession(common_ops.java:166)
	at sun.reflect.NativeMethodAccessorImpl.invoke0(Native Method)
	at sun.reflect.NativeMethodAccessorImpl.invoke(Unknown Source)
	at sun.reflect.DelegatingMethodAccessorImpl.invoke(Unknown Source)
	at java.lang.reflect.Method.invoke(Unknown Source)
	at org.testng.internal.MethodInvocationHelper.invokeMethod(MethodInvocationHelper.java:133)
	at org.testng.internal.MethodInvocationHelper.invokeMethodConsideringTimeout(MethodInvocationHelper.java:62)
	at org.testng.internal.ConfigInvoker.invokeConfigurationMethod(ConfigInvoker.java:385)
	at org.testng.internal.ConfigInvoker.invokeConfigurations(ConfigInvoker.java:321)
	at org.testng.internal.TestMethodWorker.invokeBeforeClassMethods(TestMethodWorker.java:176)
	at org.testng.internal.TestMethodWorker.run(TestMethodWorker.java:122)
	at java.util.ArrayList.forEach(Unknown Source)
	at org.testng.TestRunner.privateRun(TestRunner.java:794)
	at org.testng.TestRunner.run(TestRunner.java:596)
	at org.testng.SuiteRunner.runTest(SuiteRunner.java:377)
	at org.testng.SuiteRunner.runSequentially(SuiteRunner.java:371)
	at org.testng.SuiteRunner.privateRun(SuiteRunner.java:332)
	at org.testng.SuiteRunner.run(SuiteRunner.java:276)
	at org.testng.SuiteRunnerWorker.runSuite(SuiteRunnerWorker.java:53)
	at org.testng.SuiteRunnerWorker.run(SuiteRunnerWorker.java:96)
	at org.testng.TestNG.runSuitesSequentially(TestNG.java:1212)
	at org.testng.TestNG.runSuitesLocally(TestNG.java:1134)
	at org.testng.TestNG.runSuites(TestNG.java:1063)
	at org.testng.TestNG.run(TestNG.java:1031)
	at org.apache.maven.surefire.testng.TestNGExecutor.run(TestNGExecutor.java:283)
	at org.apache.maven.surefire.testng.TestNGXmlTestSuite.execute(TestNGXmlTestSuite.java:75)
	at org.apache.maven.surefire.testng.TestNGProvider.invoke(TestNGProvider.java:120)
	at org.apache.maven.surefire.booter.ForkedBooter.invokeProviderInSameClassLoader(ForkedBooter.java:384)
	at org.apache.maven.surefire.booter.ForkedBooter.runSuitesInProcess(ForkedBooter.java:345)
	at org.apache.maven.surefire.booter.ForkedBooter.execute(ForkedBooter.java:126)
	at org.apache.maven.surefire.booter.ForkedBooter.main(ForkedBooter.java:418)
Caused by: java.lang.reflect.InvocationTargetException
	at sun.reflect.NativeMethodAccessorImpl.invoke0(Native Method)
	at sun.reflect.NativeMethodAccessorImpl.invoke(Unknown Source)
	at sun.reflect.DelegatingMethodAccessorImpl.invoke(Unknown Source)
	at java.lang.reflect.Method.invoke(Unknown Source)
	at io.appium.java_client.remote.AppiumCommandExecutor$1.createSession(AppiumCommandExecutor.java:186)
	... 45 more
Caused by: org.openqa.selenium.WebDriverException: Unable to parse remote response: &lt;html&gt;
&lt;head&gt;
   &lt;title&gt;Status page&lt;/title&gt;
&lt;/head&gt;
&lt;body style=&quot;font-family: sans-serif;&quot;&gt;
&lt;p style=&quot;font-size: 1.2em;font-weight: bold;margin: 1em 0px;&quot;&gt;Not Found&lt;/p&gt;
&lt;p&gt;The server has not found anything matching the request URI&lt;/p&gt;
&lt;p&gt;You can get technical details &lt;a href=&quot;http://www.w3.org/Protocols/rfc2616/rfc2616-sec10.html#sec10.4.5&quot;&gt;here&lt;/a&gt;.&lt;br&gt;
Please continue your visit at our &lt;a href=&quot;/&quot;&gt;home page&lt;/a&gt;.
&lt;/p&gt;
&lt;/body&gt;
&lt;/html&gt;

	at org.openqa.selenium.remote.ProtocolHandshake.createSession(ProtocolHandshake.java:115)
	... 50 more
Caused by: org.openqa.selenium.json.JsonException: Unable to determine type from: &lt;. Last 1 characters read: &lt;
Build info: version: &apos;3.141.59&apos;, revision: &apos;e82be7d358&apos;, time: &apos;2018-11-14T08:17:03&apos;
System info: host: &apos;LAPTOP-IQLCMPV6&apos;, ip: &apos;192.168.56.1&apos;, os.name: &apos;Windows 10&apos;, os.arch: &apos;amd64&apos;, os.version: &apos;10.0&apos;, java.version: &apos;1.8.0_291&apos;
Driver info: driver.version: WindowsDriver
	at org.openqa.selenium.json.JsonInput.peek(JsonInput.java:122)
	at org.openqa.selenium.json.JsonTypeCoercer.lambda$null$6(JsonTypeCoercer.java:140)
	at org.openqa.selenium.json.JsonTypeCoercer.coerce(JsonTypeCoercer.java:126)
	at org.openqa.selenium.json.Json.toType(Json.java:69)
	at org.openqa.selenium.json.Json.toType(Json.java:55)
	at org.openqa.selenium.json.Json.toType(Json.java:50)
	at org.openqa.selenium.remote.ProtocolHandshake.createSession(ProtocolHandshake.java:112)
	... 50 more
</pre></div></td>
<td>1</td>
<td>Sanity_tests.Calculator_desktop@6ec8211c</td></tr>
</table><p>
<table width='100%' border='1' class='invocation-skipped'>
<tr><td colspan='4' align='center'><b>SKIPPED CONFIGURATIONS</b></td></tr>
<tr><td><b>Test method</b></td>
<td width="30%"><b>Exception</b></td>
<td width="10%"><b>Time (seconds)</b></td>
<td><b>Instance</b></td>
</tr>
<tr>
<td title='Sanity_tests.Calculator_desktop.beforeMethod()'><b>beforeMethod</b><br>Test class: Sanity_tests.Calculator_desktop</td>
<td></td>
<td>-1638435821</td>
<td>Sanity_tests.Calculator_desktop@6ec8211c</td></tr>
<tr>
<td title='Sanity_tests.Calculator_desktop.afterMethod()'><b>afterMethod</b><br>Test class: Sanity_tests.Calculator_desktop</td>
<td></td>
<td>-1638435821</td>
<td>Sanity_tests.Calculator_desktop@6ec8211c</td></tr>
<tr>
<td title='Sanity_tests.Calculator_desktop.afterMethod()'><b>afterMethod</b><br>Test class: Sanity_tests.Calculator_desktop</td>
<td></td>
<td>-1638435821</td>
<td>Sanity_tests.Calculator_desktop@6ec8211c</td></tr>
<tr>
<td title='Sanity_tests.Calculator_desktop.afterMethod()'><b>afterMethod</b><br>Test class: Sanity_tests.Calculator_desktop</td>
<td></td>
<td>-1638435821</td>
<td>Sanity_tests.Calculator_desktop@6ec8211c</td></tr>
<tr>
<td title='Sanity_tests.Calculator_desktop.closeSession()'><b>closeSession</b><br>Test class: Sanity_tests.Calculator_desktop</td>
<td></td>
<td>-1638435821</td>
<td>Sanity_tests.Calculator_desktop@6ec8211c</td></tr>
<tr>
<td title='Sanity_tests.Calculator_desktop.beforeMethod()'><b>beforeMethod</b><br>Test class: Sanity_tests.Calculator_desktop</td>
<td></td>
<td>-1638435821</td>
<td>Sanity_tests.Calculator_desktop@6ec8211c</td></tr>
<tr>
<td title='Sanity_tests.Calculator_desktop.afterMethod()'><b>afterMethod</b><br>Test class: Sanity_tests.Calculator_desktop</td>
<td></td>
<td>-1638435821</td>
<td>Sanity_tests.Calculator_desktop@6ec8211c</td></tr>
<tr>
<td title='Sanity_tests.Calculator_desktop.beforeMethod()'><b>beforeMethod</b><br>Test class: Sanity_tests.Calculator_desktop</td>
<td></td>
<td>-1638435821</td>
<td>Sanity_tests.Calculator_desktop@6ec8211c</td></tr>
<tr>
<td title='Sanity_tests.Calculator_desktop.beforeMethod()'><b>beforeMethod</b><br>Test class: Sanity_tests.Calculator_desktop</td>
<td></td>
<td>-1638435821</td>
<td>Sanity_tests.Calculator_desktop@6ec8211c</td></tr>
<tr>
<td title='Sanity_tests.Calculator_desktop.beforeMethod()'><b>beforeMethod</b><br>Test class: Sanity_tests.Calculator_desktop</td>
<td></td>
<td>-1638435821</td>
<td>Sanity_tests.Calculator_desktop@6ec8211c</td></tr>
<tr>
<td title='Sanity_tests.Calculator_desktop.afterMethod()'><b>afterMethod</b><br>Test class: Sanity_tests.Calculator_desktop</td>
<td></td>
<td>-1638435821</td>
<td>Sanity_tests.Calculator_desktop@6ec8211c</td></tr>
</table><p>
<table width='100%' border='1' class='invocation-skipped'>
<tr><td colspan='4' align='center'><b>SKIPPED TESTS</b></td></tr>
<tr><td><b>Test method</b></td>
<td width="30%"><b>Exception</b></td>
<td width="10%"><b>Time (seconds)</b></td>
<td><b>Instance</b></td>
</tr>
<tr>
<td title='Sanity_tests.Calculator_desktop.Division()'><b>Division</b><br>Test class: Sanity_tests.Calculator_desktop<br>Test method: Test03: Mathematical exercise of division action.</td>
<td><div><pre>org.openqa.selenium.SessionNotCreatedException: Unable to create a new remote session. Please check the server log for more details. Original error: Unable to parse remote response: &lt;html&gt;
&lt;head&gt;
   &lt;title&gt;Status page&lt;/title&gt;
&lt;/head&gt;
&lt;body style=&quot;font-family: sans-serif;&quot;&gt;
&lt;p style=&quot;font-size: 1.2em;font-weight: bold;margin: 1em 0px;&quot;&gt;Not Found&lt;/p&gt;
&lt;p&gt;The server has not found anything matching the request URI&lt;/p&gt;
&lt;p&gt;You can get technical details &lt;a href=&quot;http://www.w3.org/Protocols/rfc2616/rfc2616-sec10.html#sec10.4.5&quot;&gt;here&lt;/a&gt;.&lt;br&gt;
Please continue your visit at our &lt;a href=&quot;/&quot;&gt;home page&lt;/a&gt;.
&lt;/p&gt;
&lt;/body&gt;
&lt;/html&gt;

Build info: version: &apos;3.141.59&apos;, revision: &apos;e82be7d358&apos;, time: &apos;2018-11-14T08:17:03&apos;
System info: host: &apos;LAPTOP-IQLCMPV6&apos;, ip: &apos;192.168.56.1&apos;, os.name: &apos;Windows 10&apos;, os.arch: &apos;amd64&apos;, os.version: &apos;10.0&apos;, java.version: &apos;1.8.0_291&apos;
Driver info: driver.version: WindowsDriver
	at io.appium.java_client.remote.AppiumCommandExecutor$1.createSession(AppiumCommandExecutor.java:208)
	at io.appium.java_client.remote.AppiumCommandExecutor.createSession(AppiumCommandExecutor.java:217)
	at io.appium.java_client.remote.AppiumCommandExecutor.execute(AppiumCommandExecutor.java:239)
	at org.openqa.selenium.remote.RemoteWebDriver.execute(RemoteWebDriver.java:552)
	at io.appium.java_client.DefaultGenericMobileDriver.execute(DefaultGenericMobileDriver.java:41)
	at io.appium.java_client.AppiumDriver.execute(AppiumDriver.java:1)
	at io.appium.java_client.windows.WindowsDriver.execute(WindowsDriver.java:1)
	at org.openqa.selenium.remote.RemoteWebDriver.startSession(RemoteWebDriver.java:213)
	at io.appium.java_client.AppiumDriver.startSession(AppiumDriver.java:323)
	at org.openqa.selenium.remote.RemoteWebDriver.&lt;init&gt;(RemoteWebDriver.java:131)
	at io.appium.java_client.DefaultGenericMobileDriver.&lt;init&gt;(DefaultGenericMobileDriver.java:37)
	at io.appium.java_client.AppiumDriver.&lt;init&gt;(AppiumDriver.java:86)
	at io.appium.java_client.AppiumDriver.&lt;init&gt;(AppiumDriver.java:96)
	at io.appium.java_client.windows.WindowsDriver.&lt;init&gt;(WindowsDriver.java:42)
	at Utilities.common_ops.init_desktop(common_ops.java:134)
	at Utilities.common_ops.startSession(common_ops.java:166)
	at java.util.ArrayList.forEach(Unknown Source)
	at io.appium.java_client.remote.AppiumCommandExecutor$1.createSession(AppiumCommandExecutor.java:186)
	... 45 more
Caused by: org.openqa.selenium.WebDriverException: Unable to parse remote response: &lt;html&gt;
&lt;head&gt;
   &lt;title&gt;Status page&lt;/title&gt;
&lt;/head&gt;
&lt;body style=&quot;font-family: sans-serif;&quot;&gt;
&lt;p style=&quot;font-size: 1.2em;font-weight: bold;margin: 1em 0px;&quot;&gt;Not Found&lt;/p&gt;
&lt;p&gt;The server has not found anything matching the request URI&lt;/p&gt;
&lt;p&gt;You can get technical details &lt;a href=&quot;http://www.w3.org/Protocols/rfc2616/rfc2616-sec10.html#sec10.4.5&quot;&gt;here&lt;/a&gt;.&lt;br&gt;
Please continue your visit at our &lt;a href=&quot;/&quot;&gt;home page&lt;/a&gt;.
&lt;/p&gt;
&lt;/body&gt;
&lt;/html&gt;

	at org.openqa.selenium.remote.ProtocolHandshake.createSession(ProtocolHandshake.java:115)
	... 50 more
Caused by: org.openqa.selenium.json.JsonException: Unable to determine type from: &lt;. Last 1 characters read: &lt;
Build info: version: &apos;3.141.59&apos;, revision: &apos;e82be7d358&apos;, time: &apos;2018-11-14T08:17:03&apos;
System info: host: &apos;LAPTOP-IQLCMPV6&apos;, ip: &apos;192.168.56.1&apos;, os.name: &apos;Windows 10&apos;, os.arch: &apos;amd64&apos;, os.version: &apos;10.0&apos;, java.version: &apos;1.8.0_291&apos;
Driver info: driver.version: WindowsDriver
	at org.openqa.selenium.json.JsonInput.peek(JsonInput.java:122)
	at org.openqa.selenium.json.JsonTypeCoercer.lambda$null$6(JsonTypeCoercer.java:140)
	at org.openqa.selenium.json.JsonTypeCoercer.coerce(JsonTypeCoercer.java:126)
	at org.openqa.selenium.json.Json.toType(Json.java:69)
	at org.openqa.selenium.json.Json.toType(Json.java:55)
	at org.openqa.selenium.json.Json.toType(Json.java:50)
	at org.openqa.selenium.remote.ProtocolHandshake.createSession(ProtocolHandshake.java:112)
	... 50 more
... Removed 34 stack frames</pre></div><a href='#' onClick='toggleBox("stack-trace1783083399", this, "Click to show all stack frames", "Click to hide stack frames")'>Click to show all stack frames</a>
<div class='stack-trace' id='stack-trace1783083399'><pre>org.openqa.selenium.SessionNotCreatedException: Unable to create a new remote session. Please check the server log for more details. Original error: Unable to parse remote response: &lt;html&gt;
&lt;head&gt;
   &lt;title&gt;Status page&lt;/title&gt;
&lt;/head&gt;
&lt;body style=&quot;font-family: sans-serif;&quot;&gt;
&lt;p style=&quot;font-size: 1.2em;font-weight: bold;margin: 1em 0px;&quot;&gt;Not Found&lt;/p&gt;
&lt;p&gt;The server has not found anything matching the request URI&lt;/p&gt;
&lt;p&gt;You can get technical details &lt;a href=&quot;http://www.w3.org/Protocols/rfc2616/rfc2616-sec10.html#sec10.4.5&quot;&gt;here&lt;/a&gt;.&lt;br&gt;
Please continue your visit at our &lt;a href=&quot;/&quot;&gt;home page&lt;/a&gt;.
&lt;/p&gt;
&lt;/body&gt;
&lt;/html&gt;

Build info: version: &apos;3.141.59&apos;, revision: &apos;e82be7d358&apos;, time: &apos;2018-11-14T08:17:03&apos;
System info: host: &apos;LAPTOP-IQLCMPV6&apos;, ip: &apos;192.168.56.1&apos;, os.name: &apos;Windows 10&apos;, os.arch: &apos;amd64&apos;, os.version: &apos;10.0&apos;, java.version: &apos;1.8.0_291&apos;
Driver info: driver.version: WindowsDriver
	at io.appium.java_client.remote.AppiumCommandExecutor$1.createSession(AppiumCommandExecutor.java:208)
	at io.appium.java_client.remote.AppiumCommandExecutor.createSession(AppiumCommandExecutor.java:217)
	at io.appium.java_client.remote.AppiumCommandExecutor.execute(AppiumCommandExecutor.java:239)
	at org.openqa.selenium.remote.RemoteWebDriver.execute(RemoteWebDriver.java:552)
	at io.appium.java_client.DefaultGenericMobileDriver.execute(DefaultGenericMobileDriver.java:41)
	at io.appium.java_client.AppiumDriver.execute(AppiumDriver.java:1)
	at io.appium.java_client.windows.WindowsDriver.execute(WindowsDriver.java:1)
	at org.openqa.selenium.remote.RemoteWebDriver.startSession(RemoteWebDriver.java:213)
	at io.appium.java_client.AppiumDriver.startSession(AppiumDriver.java:323)
	at org.openqa.selenium.remote.RemoteWebDriver.&lt;init&gt;(RemoteWebDriver.java:131)
	at io.appium.java_client.DefaultGenericMobileDriver.&lt;init&gt;(DefaultGenericMobileDriver.java:37)
	at io.appium.java_client.AppiumDriver.&lt;init&gt;(AppiumDriver.java:86)
	at io.appium.java_client.AppiumDriver.&lt;init&gt;(AppiumDriver.java:96)
	at io.appium.java_client.windows.WindowsDriver.&lt;init&gt;(WindowsDriver.java:42)
	at Utilities.common_ops.init_desktop(common_ops.java:134)
	at Utilities.common_ops.startSession(common_ops.java:166)
	at sun.reflect.NativeMethodAccessorImpl.invoke0(Native Method)
	at sun.reflect.NativeMethodAccessorImpl.invoke(Unknown Source)
	at sun.reflect.DelegatingMethodAccessorImpl.invoke(Unknown Source)
	at java.lang.reflect.Method.invoke(Unknown Source)
	at org.testng.internal.MethodInvocationHelper.invokeMethod(MethodInvocationHelper.java:133)
	at org.testng.internal.MethodInvocationHelper.invokeMethodConsideringTimeout(MethodInvocationHelper.java:62)
	at org.testng.internal.ConfigInvoker.invokeConfigurationMethod(ConfigInvoker.java:385)
	at org.testng.internal.ConfigInvoker.invokeConfigurations(ConfigInvoker.java:321)
	at org.testng.internal.TestMethodWorker.invokeBeforeClassMethods(TestMethodWorker.java:176)
	at org.testng.internal.TestMethodWorker.run(TestMethodWorker.java:122)
	at java.util.ArrayList.forEach(Unknown Source)
	at org.testng.TestRunner.privateRun(TestRunner.java:794)
	at org.testng.TestRunner.run(TestRunner.java:596)
	at org.testng.SuiteRunner.runTest(SuiteRunner.java:377)
	at org.testng.SuiteRunner.runSequentially(SuiteRunner.java:371)
	at org.testng.SuiteRunner.privateRun(SuiteRunner.java:332)
	at org.testng.SuiteRunner.run(SuiteRunner.java:276)
	at org.testng.SuiteRunnerWorker.runSuite(SuiteRunnerWorker.java:53)
	at org.testng.SuiteRunnerWorker.run(SuiteRunnerWorker.java:96)
	at org.testng.TestNG.runSuitesSequentially(TestNG.java:1212)
	at org.testng.TestNG.runSuitesLocally(TestNG.java:1134)
	at org.testng.TestNG.runSuites(TestNG.java:1063)
	at org.testng.TestNG.run(TestNG.java:1031)
	at org.apache.maven.surefire.testng.TestNGExecutor.run(TestNGExecutor.java:283)
	at org.apache.maven.surefire.testng.TestNGXmlTestSuite.execute(TestNGXmlTestSuite.java:75)
	at org.apache.maven.surefire.testng.TestNGProvider.invoke(TestNGProvider.java:120)
	at org.apache.maven.surefire.booter.ForkedBooter.invokeProviderInSameClassLoader(ForkedBooter.java:384)
	at org.apache.maven.surefire.booter.ForkedBooter.runSuitesInProcess(ForkedBooter.java:345)
	at org.apache.maven.surefire.booter.ForkedBooter.execute(ForkedBooter.java:126)
	at org.apache.maven.surefire.booter.ForkedBooter.main(ForkedBooter.java:418)
Caused by: java.lang.reflect.InvocationTargetException
	at sun.reflect.NativeMethodAccessorImpl.invoke0(Native Method)
	at sun.reflect.NativeMethodAccessorImpl.invoke(Unknown Source)
	at sun.reflect.DelegatingMethodAccessorImpl.invoke(Unknown Source)
	at java.lang.reflect.Method.invoke(Unknown Source)
	at io.appium.java_client.remote.AppiumCommandExecutor$1.createSession(AppiumCommandExecutor.java:186)
	... 45 more
Caused by: org.openqa.selenium.WebDriverException: Unable to parse remote response: &lt;html&gt;
&lt;head&gt;
   &lt;title&gt;Status page&lt;/title&gt;
&lt;/head&gt;
&lt;body style=&quot;font-family: sans-serif;&quot;&gt;
&lt;p style=&quot;font-size: 1.2em;font-weight: bold;margin: 1em 0px;&quot;&gt;Not Found&lt;/p&gt;
&lt;p&gt;The server has not found anything matching the request URI&lt;/p&gt;
&lt;p&gt;You can get technical details &lt;a href=&quot;http://www.w3.org/Protocols/rfc2616/rfc2616-sec10.html#sec10.4.5&quot;&gt;here&lt;/a&gt;.&lt;br&gt;
Please continue your visit at our &lt;a href=&quot;/&quot;&gt;home page&lt;/a&gt;.
&lt;/p&gt;
&lt;/body&gt;
&lt;/html&gt;

	at org.openqa.selenium.remote.ProtocolHandshake.createSession(ProtocolHandshake.java:115)
	... 50 more
Caused by: org.openqa.selenium.json.JsonException: Unable to determine type from: &lt;. Last 1 characters read: &lt;
Build info: version: &apos;3.141.59&apos;, revision: &apos;e82be7d358&apos;, time: &apos;2018-11-14T08:17:03&apos;
System info: host: &apos;LAPTOP-IQLCMPV6&apos;, ip: &apos;192.168.56.1&apos;, os.name: &apos;Windows 10&apos;, os.arch: &apos;amd64&apos;, os.version: &apos;10.0&apos;, java.version: &apos;1.8.0_291&apos;
Driver info: driver.version: WindowsDriver
	at org.openqa.selenium.json.JsonInput.peek(JsonInput.java:122)
	at org.openqa.selenium.json.JsonTypeCoercer.lambda$null$6(JsonTypeCoercer.java:140)
	at org.openqa.selenium.json.JsonTypeCoercer.coerce(JsonTypeCoercer.java:126)
	at org.openqa.selenium.json.Json.toType(Json.java:69)
	at org.openqa.selenium.json.Json.toType(Json.java:55)
	at org.openqa.selenium.json.Json.toType(Json.java:50)
	at org.openqa.selenium.remote.ProtocolHandshake.createSession(ProtocolHandshake.java:112)
	... 50 more
</pre></div></td>
<td>0</td>
<td>Sanity_tests.Calculator_desktop@6ec8211c</td></tr>
<tr>
<td title='Sanity_tests.Calculator_desktop.Multiplication()'><b>Multiplication</b><br>Test class: Sanity_tests.Calculator_desktop<br>Test method: Test04: Mathematical exercise of multiplication action.</td>
<td><div><pre>org.openqa.selenium.SessionNotCreatedException: Unable to create a new remote session. Please check the server log for more details. Original error: Unable to parse remote response: &lt;html&gt;
&lt;head&gt;
   &lt;title&gt;Status page&lt;/title&gt;
&lt;/head&gt;
&lt;body style=&quot;font-family: sans-serif;&quot;&gt;
&lt;p style=&quot;font-size: 1.2em;font-weight: bold;margin: 1em 0px;&quot;&gt;Not Found&lt;/p&gt;
&lt;p&gt;The server has not found anything matching the request URI&lt;/p&gt;
&lt;p&gt;You can get technical details &lt;a href=&quot;http://www.w3.org/Protocols/rfc2616/rfc2616-sec10.html#sec10.4.5&quot;&gt;here&lt;/a&gt;.&lt;br&gt;
Please continue your visit at our &lt;a href=&quot;/&quot;&gt;home page&lt;/a&gt;.
&lt;/p&gt;
&lt;/body&gt;
&lt;/html&gt;

Build info: version: &apos;3.141.59&apos;, revision: &apos;e82be7d358&apos;, time: &apos;2018-11-14T08:17:03&apos;
System info: host: &apos;LAPTOP-IQLCMPV6&apos;, ip: &apos;192.168.56.1&apos;, os.name: &apos;Windows 10&apos;, os.arch: &apos;amd64&apos;, os.version: &apos;10.0&apos;, java.version: &apos;1.8.0_291&apos;
Driver info: driver.version: WindowsDriver
	at io.appium.java_client.remote.AppiumCommandExecutor$1.createSession(AppiumCommandExecutor.java:208)
	at io.appium.java_client.remote.AppiumCommandExecutor.createSession(AppiumCommandExecutor.java:217)
	at io.appium.java_client.remote.AppiumCommandExecutor.execute(AppiumCommandExecutor.java:239)
	at org.openqa.selenium.remote.RemoteWebDriver.execute(RemoteWebDriver.java:552)
	at io.appium.java_client.DefaultGenericMobileDriver.execute(DefaultGenericMobileDriver.java:41)
	at io.appium.java_client.AppiumDriver.execute(AppiumDriver.java:1)
	at io.appium.java_client.windows.WindowsDriver.execute(WindowsDriver.java:1)
	at org.openqa.selenium.remote.RemoteWebDriver.startSession(RemoteWebDriver.java:213)
	at io.appium.java_client.AppiumDriver.startSession(AppiumDriver.java:323)
	at org.openqa.selenium.remote.RemoteWebDriver.&lt;init&gt;(RemoteWebDriver.java:131)
	at io.appium.java_client.DefaultGenericMobileDriver.&lt;init&gt;(DefaultGenericMobileDriver.java:37)
	at io.appium.java_client.AppiumDriver.&lt;init&gt;(AppiumDriver.java:86)
	at io.appium.java_client.AppiumDriver.&lt;init&gt;(AppiumDriver.java:96)
	at io.appium.java_client.windows.WindowsDriver.&lt;init&gt;(WindowsDriver.java:42)
	at Utilities.common_ops.init_desktop(common_ops.java:134)
	at Utilities.common_ops.startSession(common_ops.java:166)
	at java.util.ArrayList.forEach(Unknown Source)
	at io.appium.java_client.remote.AppiumCommandExecutor$1.createSession(AppiumCommandExecutor.java:186)
	... 45 more
Caused by: org.openqa.selenium.WebDriverException: Unable to parse remote response: &lt;html&gt;
&lt;head&gt;
   &lt;title&gt;Status page&lt;/title&gt;
&lt;/head&gt;
&lt;body style=&quot;font-family: sans-serif;&quot;&gt;
&lt;p style=&quot;font-size: 1.2em;font-weight: bold;margin: 1em 0px;&quot;&gt;Not Found&lt;/p&gt;
&lt;p&gt;The server has not found anything matching the request URI&lt;/p&gt;
&lt;p&gt;You can get technical details &lt;a href=&quot;http://www.w3.org/Protocols/rfc2616/rfc2616-sec10.html#sec10.4.5&quot;&gt;here&lt;/a&gt;.&lt;br&gt;
Please continue your visit at our &lt;a href=&quot;/&quot;&gt;home page&lt;/a&gt;.
&lt;/p&gt;
&lt;/body&gt;
&lt;/html&gt;

	at org.openqa.selenium.remote.ProtocolHandshake.createSession(ProtocolHandshake.java:115)
	... 50 more
Caused by: org.openqa.selenium.json.JsonException: Unable to determine type from: &lt;. Last 1 characters read: &lt;
Build info: version: &apos;3.141.59&apos;, revision: &apos;e82be7d358&apos;, time: &apos;2018-11-14T08:17:03&apos;
System info: host: &apos;LAPTOP-IQLCMPV6&apos;, ip: &apos;192.168.56.1&apos;, os.name: &apos;Windows 10&apos;, os.arch: &apos;amd64&apos;, os.version: &apos;10.0&apos;, java.version: &apos;1.8.0_291&apos;
Driver info: driver.version: WindowsDriver
	at org.openqa.selenium.json.JsonInput.peek(JsonInput.java:122)
	at org.openqa.selenium.json.JsonTypeCoercer.lambda$null$6(JsonTypeCoercer.java:140)
	at org.openqa.selenium.json.JsonTypeCoercer.coerce(JsonTypeCoercer.java:126)
	at org.openqa.selenium.json.Json.toType(Json.java:69)
	at org.openqa.selenium.json.Json.toType(Json.java:55)
	at org.openqa.selenium.json.Json.toType(Json.java:50)
	at org.openqa.selenium.remote.ProtocolHandshake.createSession(ProtocolHandshake.java:112)
	... 50 more
... Removed 34 stack frames</pre></div><a href='#' onClick='toggleBox("stack-trace1176968662", this, "Click to show all stack frames", "Click to hide stack frames")'>Click to show all stack frames</a>
<div class='stack-trace' id='stack-trace1176968662'><pre>org.openqa.selenium.SessionNotCreatedException: Unable to create a new remote session. Please check the server log for more details. Original error: Unable to parse remote response: &lt;html&gt;
&lt;head&gt;
   &lt;title&gt;Status page&lt;/title&gt;
&lt;/head&gt;
&lt;body style=&quot;font-family: sans-serif;&quot;&gt;
&lt;p style=&quot;font-size: 1.2em;font-weight: bold;margin: 1em 0px;&quot;&gt;Not Found&lt;/p&gt;
&lt;p&gt;The server has not found anything matching the request URI&lt;/p&gt;
&lt;p&gt;You can get technical details &lt;a href=&quot;http://www.w3.org/Protocols/rfc2616/rfc2616-sec10.html#sec10.4.5&quot;&gt;here&lt;/a&gt;.&lt;br&gt;
Please continue your visit at our &lt;a href=&quot;/&quot;&gt;home page&lt;/a&gt;.
&lt;/p&gt;
&lt;/body&gt;
&lt;/html&gt;

Build info: version: &apos;3.141.59&apos;, revision: &apos;e82be7d358&apos;, time: &apos;2018-11-14T08:17:03&apos;
System info: host: &apos;LAPTOP-IQLCMPV6&apos;, ip: &apos;192.168.56.1&apos;, os.name: &apos;Windows 10&apos;, os.arch: &apos;amd64&apos;, os.version: &apos;10.0&apos;, java.version: &apos;1.8.0_291&apos;
Driver info: driver.version: WindowsDriver
	at io.appium.java_client.remote.AppiumCommandExecutor$1.createSession(AppiumCommandExecutor.java:208)
	at io.appium.java_client.remote.AppiumCommandExecutor.createSession(AppiumCommandExecutor.java:217)
	at io.appium.java_client.remote.AppiumCommandExecutor.execute(AppiumCommandExecutor.java:239)
	at org.openqa.selenium.remote.RemoteWebDriver.execute(RemoteWebDriver.java:552)
	at io.appium.java_client.DefaultGenericMobileDriver.execute(DefaultGenericMobileDriver.java:41)
	at io.appium.java_client.AppiumDriver.execute(AppiumDriver.java:1)
	at io.appium.java_client.windows.WindowsDriver.execute(WindowsDriver.java:1)
	at org.openqa.selenium.remote.RemoteWebDriver.startSession(RemoteWebDriver.java:213)
	at io.appium.java_client.AppiumDriver.startSession(AppiumDriver.java:323)
	at org.openqa.selenium.remote.RemoteWebDriver.&lt;init&gt;(RemoteWebDriver.java:131)
	at io.appium.java_client.DefaultGenericMobileDriver.&lt;init&gt;(DefaultGenericMobileDriver.java:37)
	at io.appium.java_client.AppiumDriver.&lt;init&gt;(AppiumDriver.java:86)
	at io.appium.java_client.AppiumDriver.&lt;init&gt;(AppiumDriver.java:96)
	at io.appium.java_client.windows.WindowsDriver.&lt;init&gt;(WindowsDriver.java:42)
	at Utilities.common_ops.init_desktop(common_ops.java:134)
	at Utilities.common_ops.startSession(common_ops.java:166)
	at sun.reflect.NativeMethodAccessorImpl.invoke0(Native Method)
	at sun.reflect.NativeMethodAccessorImpl.invoke(Unknown Source)
	at sun.reflect.DelegatingMethodAccessorImpl.invoke(Unknown Source)
	at java.lang.reflect.Method.invoke(Unknown Source)
	at org.testng.internal.MethodInvocationHelper.invokeMethod(MethodInvocationHelper.java:133)
	at org.testng.internal.MethodInvocationHelper.invokeMethodConsideringTimeout(MethodInvocationHelper.java:62)
	at org.testng.internal.ConfigInvoker.invokeConfigurationMethod(ConfigInvoker.java:385)
	at org.testng.internal.ConfigInvoker.invokeConfigurations(ConfigInvoker.java:321)
	at org.testng.internal.TestMethodWorker.invokeBeforeClassMethods(TestMethodWorker.java:176)
	at org.testng.internal.TestMethodWorker.run(TestMethodWorker.java:122)
	at java.util.ArrayList.forEach(Unknown Source)
	at org.testng.TestRunner.privateRun(TestRunner.java:794)
	at org.testng.TestRunner.run(TestRunner.java:596)
	at org.testng.SuiteRunner.runTest(SuiteRunner.java:377)
	at org.testng.SuiteRunner.runSequentially(SuiteRunner.java:371)
	at org.testng.SuiteRunner.privateRun(SuiteRunner.java:332)
	at org.testng.SuiteRunner.run(SuiteRunner.java:276)
	at org.testng.SuiteRunnerWorker.runSuite(SuiteRunnerWorker.java:53)
	at org.testng.SuiteRunnerWorker.run(SuiteRunnerWorker.java:96)
	at org.testng.TestNG.runSuitesSequentially(TestNG.java:1212)
	at org.testng.TestNG.runSuitesLocally(TestNG.java:1134)
	at org.testng.TestNG.runSuites(TestNG.java:1063)
	at org.testng.TestNG.run(TestNG.java:1031)
	at org.apache.maven.surefire.testng.TestNGExecutor.run(TestNGExecutor.java:283)
	at org.apache.maven.surefire.testng.TestNGXmlTestSuite.execute(TestNGXmlTestSuite.java:75)
	at org.apache.maven.surefire.testng.TestNGProvider.invoke(TestNGProvider.java:120)
	at org.apache.maven.surefire.booter.ForkedBooter.invokeProviderInSameClassLoader(ForkedBooter.java:384)
	at org.apache.maven.surefire.booter.ForkedBooter.runSuitesInProcess(ForkedBooter.java:345)
	at org.apache.maven.surefire.booter.ForkedBooter.execute(ForkedBooter.java:126)
	at org.apache.maven.surefire.booter.ForkedBooter.main(ForkedBooter.java:418)
Caused by: java.lang.reflect.InvocationTargetException
	at sun.reflect.NativeMethodAccessorImpl.invoke0(Native Method)
	at sun.reflect.NativeMethodAccessorImpl.invoke(Unknown Source)
	at sun.reflect.DelegatingMethodAccessorImpl.invoke(Unknown Source)
	at java.lang.reflect.Method.invoke(Unknown Source)
	at io.appium.java_client.remote.AppiumCommandExecutor$1.createSession(AppiumCommandExecutor.java:186)
	... 45 more
Caused by: org.openqa.selenium.WebDriverException: Unable to parse remote response: &lt;html&gt;
&lt;head&gt;
   &lt;title&gt;Status page&lt;/title&gt;
&lt;/head&gt;
&lt;body style=&quot;font-family: sans-serif;&quot;&gt;
&lt;p style=&quot;font-size: 1.2em;font-weight: bold;margin: 1em 0px;&quot;&gt;Not Found&lt;/p&gt;
&lt;p&gt;The server has not found anything matching the request URI&lt;/p&gt;
&lt;p&gt;You can get technical details &lt;a href=&quot;http://www.w3.org/Protocols/rfc2616/rfc2616-sec10.html#sec10.4.5&quot;&gt;here&lt;/a&gt;.&lt;br&gt;
Please continue your visit at our &lt;a href=&quot;/&quot;&gt;home page&lt;/a&gt;.
&lt;/p&gt;
&lt;/body&gt;
&lt;/html&gt;

	at org.openqa.selenium.remote.ProtocolHandshake.createSession(ProtocolHandshake.java:115)
	... 50 more
Caused by: org.openqa.selenium.json.JsonException: Unable to determine type from: &lt;. Last 1 characters read: &lt;
Build info: version: &apos;3.141.59&apos;, revision: &apos;e82be7d358&apos;, time: &apos;2018-11-14T08:17:03&apos;
System info: host: &apos;LAPTOP-IQLCMPV6&apos;, ip: &apos;192.168.56.1&apos;, os.name: &apos;Windows 10&apos;, os.arch: &apos;amd64&apos;, os.version: &apos;10.0&apos;, java.version: &apos;1.8.0_291&apos;
Driver info: driver.version: WindowsDriver
	at org.openqa.selenium.json.JsonInput.peek(JsonInput.java:122)
	at org.openqa.selenium.json.JsonTypeCoercer.lambda$null$6(JsonTypeCoercer.java:140)
	at org.openqa.selenium.json.JsonTypeCoercer.coerce(JsonTypeCoercer.java:126)
	at org.openqa.selenium.json.Json.toType(Json.java:69)
	at org.openqa.selenium.json.Json.toType(Json.java:55)
	at org.openqa.selenium.json.Json.toType(Json.java:50)
	at org.openqa.selenium.remote.ProtocolHandshake.createSession(ProtocolHandshake.java:112)
	... 50 more
</pre></div></td>
<td>0</td>
<td>Sanity_tests.Calculator_desktop@6ec8211c</td></tr>
<tr>
<td title='Sanity_tests.Calculator_desktop.Addition()'><b>Addition</b><br>Test class: Sanity_tests.Calculator_desktop<br>Test method: Test01: Mathematical exercise of addition action.</td>
<td><div><pre>org.openqa.selenium.SessionNotCreatedException: Unable to create a new remote session. Please check the server log for more details. Original error: Unable to parse remote response: &lt;html&gt;
&lt;head&gt;
   &lt;title&gt;Status page&lt;/title&gt;
&lt;/head&gt;
&lt;body style=&quot;font-family: sans-serif;&quot;&gt;
&lt;p style=&quot;font-size: 1.2em;font-weight: bold;margin: 1em 0px;&quot;&gt;Not Found&lt;/p&gt;
&lt;p&gt;The server has not found anything matching the request URI&lt;/p&gt;
&lt;p&gt;You can get technical details &lt;a href=&quot;http://www.w3.org/Protocols/rfc2616/rfc2616-sec10.html#sec10.4.5&quot;&gt;here&lt;/a&gt;.&lt;br&gt;
Please continue your visit at our &lt;a href=&quot;/&quot;&gt;home page&lt;/a&gt;.
&lt;/p&gt;
&lt;/body&gt;
&lt;/html&gt;

Build info: version: &apos;3.141.59&apos;, revision: &apos;e82be7d358&apos;, time: &apos;2018-11-14T08:17:03&apos;
System info: host: &apos;LAPTOP-IQLCMPV6&apos;, ip: &apos;192.168.56.1&apos;, os.name: &apos;Windows 10&apos;, os.arch: &apos;amd64&apos;, os.version: &apos;10.0&apos;, java.version: &apos;1.8.0_291&apos;
Driver info: driver.version: WindowsDriver
	at io.appium.java_client.remote.AppiumCommandExecutor$1.createSession(AppiumCommandExecutor.java:208)
	at io.appium.java_client.remote.AppiumCommandExecutor.createSession(AppiumCommandExecutor.java:217)
	at io.appium.java_client.remote.AppiumCommandExecutor.execute(AppiumCommandExecutor.java:239)
	at org.openqa.selenium.remote.RemoteWebDriver.execute(RemoteWebDriver.java:552)
	at io.appium.java_client.DefaultGenericMobileDriver.execute(DefaultGenericMobileDriver.java:41)
	at io.appium.java_client.AppiumDriver.execute(AppiumDriver.java:1)
	at io.appium.java_client.windows.WindowsDriver.execute(WindowsDriver.java:1)
	at org.openqa.selenium.remote.RemoteWebDriver.startSession(RemoteWebDriver.java:213)
	at io.appium.java_client.AppiumDriver.startSession(AppiumDriver.java:323)
	at org.openqa.selenium.remote.RemoteWebDriver.&lt;init&gt;(RemoteWebDriver.java:131)
	at io.appium.java_client.DefaultGenericMobileDriver.&lt;init&gt;(DefaultGenericMobileDriver.java:37)
	at io.appium.java_client.AppiumDriver.&lt;init&gt;(AppiumDriver.java:86)
	at io.appium.java_client.AppiumDriver.&lt;init&gt;(AppiumDriver.java:96)
	at io.appium.java_client.windows.WindowsDriver.&lt;init&gt;(WindowsDriver.java:42)
	at Utilities.common_ops.init_desktop(common_ops.java:134)
	at Utilities.common_ops.startSession(common_ops.java:166)
	at java.util.ArrayList.forEach(Unknown Source)
	at io.appium.java_client.remote.AppiumCommandExecutor$1.createSession(AppiumCommandExecutor.java:186)
	... 45 more
Caused by: org.openqa.selenium.WebDriverException: Unable to parse remote response: &lt;html&gt;
&lt;head&gt;
   &lt;title&gt;Status page&lt;/title&gt;
&lt;/head&gt;
&lt;body style=&quot;font-family: sans-serif;&quot;&gt;
&lt;p style=&quot;font-size: 1.2em;font-weight: bold;margin: 1em 0px;&quot;&gt;Not Found&lt;/p&gt;
&lt;p&gt;The server has not found anything matching the request URI&lt;/p&gt;
&lt;p&gt;You can get technical details &lt;a href=&quot;http://www.w3.org/Protocols/rfc2616/rfc2616-sec10.html#sec10.4.5&quot;&gt;here&lt;/a&gt;.&lt;br&gt;
Please continue your visit at our &lt;a href=&quot;/&quot;&gt;home page&lt;/a&gt;.
&lt;/p&gt;
&lt;/body&gt;
&lt;/html&gt;

	at org.openqa.selenium.remote.ProtocolHandshake.createSession(ProtocolHandshake.java:115)
	... 50 more
Caused by: org.openqa.selenium.json.JsonException: Unable to determine type from: &lt;. Last 1 characters read: &lt;
Build info: version: &apos;3.141.59&apos;, revision: &apos;e82be7d358&apos;, time: &apos;2018-11-14T08:17:03&apos;
System info: host: &apos;LAPTOP-IQLCMPV6&apos;, ip: &apos;192.168.56.1&apos;, os.name: &apos;Windows 10&apos;, os.arch: &apos;amd64&apos;, os.version: &apos;10.0&apos;, java.version: &apos;1.8.0_291&apos;
Driver info: driver.version: WindowsDriver
	at org.openqa.selenium.json.JsonInput.peek(JsonInput.java:122)
	at org.openqa.selenium.json.JsonTypeCoercer.lambda$null$6(JsonTypeCoercer.java:140)
	at org.openqa.selenium.json.JsonTypeCoercer.coerce(JsonTypeCoercer.java:126)
	at org.openqa.selenium.json.Json.toType(Json.java:69)
	at org.openqa.selenium.json.Json.toType(Json.java:55)
	at org.openqa.selenium.json.Json.toType(Json.java:50)
	at org.openqa.selenium.remote.ProtocolHandshake.createSession(ProtocolHandshake.java:112)
	... 50 more
... Removed 34 stack frames</pre></div><a href='#' onClick='toggleBox("stack-trace115433442", this, "Click to show all stack frames", "Click to hide stack frames")'>Click to show all stack frames</a>
<div class='stack-trace' id='stack-trace115433442'><pre>org.openqa.selenium.SessionNotCreatedException: Unable to create a new remote session. Please check the server log for more details. Original error: Unable to parse remote response: &lt;html&gt;
&lt;head&gt;
   &lt;title&gt;Status page&lt;/title&gt;
&lt;/head&gt;
&lt;body style=&quot;font-family: sans-serif;&quot;&gt;
&lt;p style=&quot;font-size: 1.2em;font-weight: bold;margin: 1em 0px;&quot;&gt;Not Found&lt;/p&gt;
&lt;p&gt;The server has not found anything matching the request URI&lt;/p&gt;
&lt;p&gt;You can get technical details &lt;a href=&quot;http://www.w3.org/Protocols/rfc2616/rfc2616-sec10.html#sec10.4.5&quot;&gt;here&lt;/a&gt;.&lt;br&gt;
Please continue your visit at our &lt;a href=&quot;/&quot;&gt;home page&lt;/a&gt;.
&lt;/p&gt;
&lt;/body&gt;
&lt;/html&gt;

Build info: version: &apos;3.141.59&apos;, revision: &apos;e82be7d358&apos;, time: &apos;2018-11-14T08:17:03&apos;
System info: host: &apos;LAPTOP-IQLCMPV6&apos;, ip: &apos;192.168.56.1&apos;, os.name: &apos;Windows 10&apos;, os.arch: &apos;amd64&apos;, os.version: &apos;10.0&apos;, java.version: &apos;1.8.0_291&apos;
Driver info: driver.version: WindowsDriver
	at io.appium.java_client.remote.AppiumCommandExecutor$1.createSession(AppiumCommandExecutor.java:208)
	at io.appium.java_client.remote.AppiumCommandExecutor.createSession(AppiumCommandExecutor.java:217)
	at io.appium.java_client.remote.AppiumCommandExecutor.execute(AppiumCommandExecutor.java:239)
	at org.openqa.selenium.remote.RemoteWebDriver.execute(RemoteWebDriver.java:552)
	at io.appium.java_client.DefaultGenericMobileDriver.execute(DefaultGenericMobileDriver.java:41)
	at io.appium.java_client.AppiumDriver.execute(AppiumDriver.java:1)
	at io.appium.java_client.windows.WindowsDriver.execute(WindowsDriver.java:1)
	at org.openqa.selenium.remote.RemoteWebDriver.startSession(RemoteWebDriver.java:213)
	at io.appium.java_client.AppiumDriver.startSession(AppiumDriver.java:323)
	at org.openqa.selenium.remote.RemoteWebDriver.&lt;init&gt;(RemoteWebDriver.java:131)
	at io.appium.java_client.DefaultGenericMobileDriver.&lt;init&gt;(DefaultGenericMobileDriver.java:37)
	at io.appium.java_client.AppiumDriver.&lt;init&gt;(AppiumDriver.java:86)
	at io.appium.java_client.AppiumDriver.&lt;init&gt;(AppiumDriver.java:96)
	at io.appium.java_client.windows.WindowsDriver.&lt;init&gt;(WindowsDriver.java:42)
	at Utilities.common_ops.init_desktop(common_ops.java:134)
	at Utilities.common_ops.startSession(common_ops.java:166)
	at sun.reflect.NativeMethodAccessorImpl.invoke0(Native Method)
	at sun.reflect.NativeMethodAccessorImpl.invoke(Unknown Source)
	at sun.reflect.DelegatingMethodAccessorImpl.invoke(Unknown Source)
	at java.lang.reflect.Method.invoke(Unknown Source)
	at org.testng.internal.MethodInvocationHelper.invokeMethod(MethodInvocationHelper.java:133)
	at org.testng.internal.MethodInvocationHelper.invokeMethodConsideringTimeout(MethodInvocationHelper.java:62)
	at org.testng.internal.ConfigInvoker.invokeConfigurationMethod(ConfigInvoker.java:385)
	at org.testng.internal.ConfigInvoker.invokeConfigurations(ConfigInvoker.java:321)
	at org.testng.internal.TestMethodWorker.invokeBeforeClassMethods(TestMethodWorker.java:176)
	at org.testng.internal.TestMethodWorker.run(TestMethodWorker.java:122)
	at java.util.ArrayList.forEach(Unknown Source)
	at org.testng.TestRunner.privateRun(TestRunner.java:794)
	at org.testng.TestRunner.run(TestRunner.java:596)
	at org.testng.SuiteRunner.runTest(SuiteRunner.java:377)
	at org.testng.SuiteRunner.runSequentially(SuiteRunner.java:371)
	at org.testng.SuiteRunner.privateRun(SuiteRunner.java:332)
	at org.testng.SuiteRunner.run(SuiteRunner.java:276)
	at org.testng.SuiteRunnerWorker.runSuite(SuiteRunnerWorker.java:53)
	at org.testng.SuiteRunnerWorker.run(SuiteRunnerWorker.java:96)
	at org.testng.TestNG.runSuitesSequentially(TestNG.java:1212)
	at org.testng.TestNG.runSuitesLocally(TestNG.java:1134)
	at org.testng.TestNG.runSuites(TestNG.java:1063)
	at org.testng.TestNG.run(TestNG.java:1031)
	at org.apache.maven.surefire.testng.TestNGExecutor.run(TestNGExecutor.java:283)
	at org.apache.maven.surefire.testng.TestNGXmlTestSuite.execute(TestNGXmlTestSuite.java:75)
	at org.apache.maven.surefire.testng.TestNGProvider.invoke(TestNGProvider.java:120)
	at org.apache.maven.surefire.booter.ForkedBooter.invokeProviderInSameClassLoader(ForkedBooter.java:384)
	at org.apache.maven.surefire.booter.ForkedBooter.runSuitesInProcess(ForkedBooter.java:345)
	at org.apache.maven.surefire.booter.ForkedBooter.execute(ForkedBooter.java:126)
	at org.apache.maven.surefire.booter.ForkedBooter.main(ForkedBooter.java:418)
Caused by: java.lang.reflect.InvocationTargetException
	at sun.reflect.NativeMethodAccessorImpl.invoke0(Native Method)
	at sun.reflect.NativeMethodAccessorImpl.invoke(Unknown Source)
	at sun.reflect.DelegatingMethodAccessorImpl.invoke(Unknown Source)
	at java.lang.reflect.Method.invoke(Unknown Source)
	at io.appium.java_client.remote.AppiumCommandExecutor$1.createSession(AppiumCommandExecutor.java:186)
	... 45 more
Caused by: org.openqa.selenium.WebDriverException: Unable to parse remote response: &lt;html&gt;
&lt;head&gt;
   &lt;title&gt;Status page&lt;/title&gt;
&lt;/head&gt;
&lt;body style=&quot;font-family: sans-serif;&quot;&gt;
&lt;p style=&quot;font-size: 1.2em;font-weight: bold;margin: 1em 0px;&quot;&gt;Not Found&lt;/p&gt;
&lt;p&gt;The server has not found anything matching the request URI&lt;/p&gt;
&lt;p&gt;You can get technical details &lt;a href=&quot;http://www.w3.org/Protocols/rfc2616/rfc2616-sec10.html#sec10.4.5&quot;&gt;here&lt;/a&gt;.&lt;br&gt;
Please continue your visit at our &lt;a href=&quot;/&quot;&gt;home page&lt;/a&gt;.
&lt;/p&gt;
&lt;/body&gt;
&lt;/html&gt;

	at org.openqa.selenium.remote.ProtocolHandshake.createSession(ProtocolHandshake.java:115)
	... 50 more
Caused by: org.openqa.selenium.json.JsonException: Unable to determine type from: &lt;. Last 1 characters read: &lt;
Build info: version: &apos;3.141.59&apos;, revision: &apos;e82be7d358&apos;, time: &apos;2018-11-14T08:17:03&apos;
System info: host: &apos;LAPTOP-IQLCMPV6&apos;, ip: &apos;192.168.56.1&apos;, os.name: &apos;Windows 10&apos;, os.arch: &apos;amd64&apos;, os.version: &apos;10.0&apos;, java.version: &apos;1.8.0_291&apos;
Driver info: driver.version: WindowsDriver
	at org.openqa.selenium.json.JsonInput.peek(JsonInput.java:122)
	at org.openqa.selenium.json.JsonTypeCoercer.lambda$null$6(JsonTypeCoercer.java:140)
	at org.openqa.selenium.json.JsonTypeCoercer.coerce(JsonTypeCoercer.java:126)
	at org.openqa.selenium.json.Json.toType(Json.java:69)
	at org.openqa.selenium.json.Json.toType(Json.java:55)
	at org.openqa.selenium.json.Json.toType(Json.java:50)
	at org.openqa.selenium.remote.ProtocolHandshake.createSession(ProtocolHandshake.java:112)
	... 50 more
</pre></div></td>
<td>0</td>
<td>Sanity_tests.Calculator_desktop@6ec8211c</td></tr>
<tr>
<td title='Sanity_tests.Calculator_desktop.Combination()'><b>Combination</b><br>Test class: Sanity_tests.Calculator_desktop<br>Test method: Test02: Mathematical exercise of combination action.</td>
<td><div><pre>org.openqa.selenium.SessionNotCreatedException: Unable to create a new remote session. Please check the server log for more details. Original error: Unable to parse remote response: &lt;html&gt;
&lt;head&gt;
   &lt;title&gt;Status page&lt;/title&gt;
&lt;/head&gt;
&lt;body style=&quot;font-family: sans-serif;&quot;&gt;
&lt;p style=&quot;font-size: 1.2em;font-weight: bold;margin: 1em 0px;&quot;&gt;Not Found&lt;/p&gt;
&lt;p&gt;The server has not found anything matching the request URI&lt;/p&gt;
&lt;p&gt;You can get technical details &lt;a href=&quot;http://www.w3.org/Protocols/rfc2616/rfc2616-sec10.html#sec10.4.5&quot;&gt;here&lt;/a&gt;.&lt;br&gt;
Please continue your visit at our &lt;a href=&quot;/&quot;&gt;home page&lt;/a&gt;.
&lt;/p&gt;
&lt;/body&gt;
&lt;/html&gt;

Build info: version: &apos;3.141.59&apos;, revision: &apos;e82be7d358&apos;, time: &apos;2018-11-14T08:17:03&apos;
System info: host: &apos;LAPTOP-IQLCMPV6&apos;, ip: &apos;192.168.56.1&apos;, os.name: &apos;Windows 10&apos;, os.arch: &apos;amd64&apos;, os.version: &apos;10.0&apos;, java.version: &apos;1.8.0_291&apos;
Driver info: driver.version: WindowsDriver
	at io.appium.java_client.remote.AppiumCommandExecutor$1.createSession(AppiumCommandExecutor.java:208)
	at io.appium.java_client.remote.AppiumCommandExecutor.createSession(AppiumCommandExecutor.java:217)
	at io.appium.java_client.remote.AppiumCommandExecutor.execute(AppiumCommandExecutor.java:239)
	at org.openqa.selenium.remote.RemoteWebDriver.execute(RemoteWebDriver.java:552)
	at io.appium.java_client.DefaultGenericMobileDriver.execute(DefaultGenericMobileDriver.java:41)
	at io.appium.java_client.AppiumDriver.execute(AppiumDriver.java:1)
	at io.appium.java_client.windows.WindowsDriver.execute(WindowsDriver.java:1)
	at org.openqa.selenium.remote.RemoteWebDriver.startSession(RemoteWebDriver.java:213)
	at io.appium.java_client.AppiumDriver.startSession(AppiumDriver.java:323)
	at org.openqa.selenium.remote.RemoteWebDriver.&lt;init&gt;(RemoteWebDriver.java:131)
	at io.appium.java_client.DefaultGenericMobileDriver.&lt;init&gt;(DefaultGenericMobileDriver.java:37)
	at io.appium.java_client.AppiumDriver.&lt;init&gt;(AppiumDriver.java:86)
	at io.appium.java_client.AppiumDriver.&lt;init&gt;(AppiumDriver.java:96)
	at io.appium.java_client.windows.WindowsDriver.&lt;init&gt;(WindowsDriver.java:42)
	at Utilities.common_ops.init_desktop(common_ops.java:134)
	at Utilities.common_ops.startSession(common_ops.java:166)
	at java.util.ArrayList.forEach(Unknown Source)
	at io.appium.java_client.remote.AppiumCommandExecutor$1.createSession(AppiumCommandExecutor.java:186)
	... 45 more
Caused by: org.openqa.selenium.WebDriverException: Unable to parse remote response: &lt;html&gt;
&lt;head&gt;
   &lt;title&gt;Status page&lt;/title&gt;
&lt;/head&gt;
&lt;body style=&quot;font-family: sans-serif;&quot;&gt;
&lt;p style=&quot;font-size: 1.2em;font-weight: bold;margin: 1em 0px;&quot;&gt;Not Found&lt;/p&gt;
&lt;p&gt;The server has not found anything matching the request URI&lt;/p&gt;
&lt;p&gt;You can get technical details &lt;a href=&quot;http://www.w3.org/Protocols/rfc2616/rfc2616-sec10.html#sec10.4.5&quot;&gt;here&lt;/a&gt;.&lt;br&gt;
Please continue your visit at our &lt;a href=&quot;/&quot;&gt;home page&lt;/a&gt;.
&lt;/p&gt;
&lt;/body&gt;
&lt;/html&gt;

	at org.openqa.selenium.remote.ProtocolHandshake.createSession(ProtocolHandshake.java:115)
	... 50 more
Caused by: org.openqa.selenium.json.JsonException: Unable to determine type from: &lt;. Last 1 characters read: &lt;
Build info: version: &apos;3.141.59&apos;, revision: &apos;e82be7d358&apos;, time: &apos;2018-11-14T08:17:03&apos;
System info: host: &apos;LAPTOP-IQLCMPV6&apos;, ip: &apos;192.168.56.1&apos;, os.name: &apos;Windows 10&apos;, os.arch: &apos;amd64&apos;, os.version: &apos;10.0&apos;, java.version: &apos;1.8.0_291&apos;
Driver info: driver.version: WindowsDriver
	at org.openqa.selenium.json.JsonInput.peek(JsonInput.java:122)
	at org.openqa.selenium.json.JsonTypeCoercer.lambda$null$6(JsonTypeCoercer.java:140)
	at org.openqa.selenium.json.JsonTypeCoercer.coerce(JsonTypeCoercer.java:126)
	at org.openqa.selenium.json.Json.toType(Json.java:69)
	at org.openqa.selenium.json.Json.toType(Json.java:55)
	at org.openqa.selenium.json.Json.toType(Json.java:50)
	at org.openqa.selenium.remote.ProtocolHandshake.createSession(ProtocolHandshake.java:112)
	... 50 more
... Removed 34 stack frames</pre></div><a href='#' onClick='toggleBox("stack-trace462039519", this, "Click to show all stack frames", "Click to hide stack frames")'>Click to show all stack frames</a>
<div class='stack-trace' id='stack-trace462039519'><pre>org.openqa.selenium.SessionNotCreatedException: Unable to create a new remote session. Please check the server log for more details. Original error: Unable to parse remote response: &lt;html&gt;
&lt;head&gt;
   &lt;title&gt;Status page&lt;/title&gt;
&lt;/head&gt;
&lt;body style=&quot;font-family: sans-serif;&quot;&gt;
&lt;p style=&quot;font-size: 1.2em;font-weight: bold;margin: 1em 0px;&quot;&gt;Not Found&lt;/p&gt;
&lt;p&gt;The server has not found anything matching the request URI&lt;/p&gt;
&lt;p&gt;You can get technical details &lt;a href=&quot;http://www.w3.org/Protocols/rfc2616/rfc2616-sec10.html#sec10.4.5&quot;&gt;here&lt;/a&gt;.&lt;br&gt;
Please continue your visit at our &lt;a href=&quot;/&quot;&gt;home page&lt;/a&gt;.
&lt;/p&gt;
&lt;/body&gt;
&lt;/html&gt;

Build info: version: &apos;3.141.59&apos;, revision: &apos;e82be7d358&apos;, time: &apos;2018-11-14T08:17:03&apos;
System info: host: &apos;LAPTOP-IQLCMPV6&apos;, ip: &apos;192.168.56.1&apos;, os.name: &apos;Windows 10&apos;, os.arch: &apos;amd64&apos;, os.version: &apos;10.0&apos;, java.version: &apos;1.8.0_291&apos;
Driver info: driver.version: WindowsDriver
	at io.appium.java_client.remote.AppiumCommandExecutor$1.createSession(AppiumCommandExecutor.java:208)
	at io.appium.java_client.remote.AppiumCommandExecutor.createSession(AppiumCommandExecutor.java:217)
	at io.appium.java_client.remote.AppiumCommandExecutor.execute(AppiumCommandExecutor.java:239)
	at org.openqa.selenium.remote.RemoteWebDriver.execute(RemoteWebDriver.java:552)
	at io.appium.java_client.DefaultGenericMobileDriver.execute(DefaultGenericMobileDriver.java:41)
	at io.appium.java_client.AppiumDriver.execute(AppiumDriver.java:1)
	at io.appium.java_client.windows.WindowsDriver.execute(WindowsDriver.java:1)
	at org.openqa.selenium.remote.RemoteWebDriver.startSession(RemoteWebDriver.java:213)
	at io.appium.java_client.AppiumDriver.startSession(AppiumDriver.java:323)
	at org.openqa.selenium.remote.RemoteWebDriver.&lt;init&gt;(RemoteWebDriver.java:131)
	at io.appium.java_client.DefaultGenericMobileDriver.&lt;init&gt;(DefaultGenericMobileDriver.java:37)
	at io.appium.java_client.AppiumDriver.&lt;init&gt;(AppiumDriver.java:86)
	at io.appium.java_client.AppiumDriver.&lt;init&gt;(AppiumDriver.java:96)
	at io.appium.java_client.windows.WindowsDriver.&lt;init&gt;(WindowsDriver.java:42)
	at Utilities.common_ops.init_desktop(common_ops.java:134)
	at Utilities.common_ops.startSession(common_ops.java:166)
	at sun.reflect.NativeMethodAccessorImpl.invoke0(Native Method)
	at sun.reflect.NativeMethodAccessorImpl.invoke(Unknown Source)
	at sun.reflect.DelegatingMethodAccessorImpl.invoke(Unknown Source)
	at java.lang.reflect.Method.invoke(Unknown Source)
	at org.testng.internal.MethodInvocationHelper.invokeMethod(MethodInvocationHelper.java:133)
	at org.testng.internal.MethodInvocationHelper.invokeMethodConsideringTimeout(MethodInvocationHelper.java:62)
	at org.testng.internal.ConfigInvoker.invokeConfigurationMethod(ConfigInvoker.java:385)
	at org.testng.internal.ConfigInvoker.invokeConfigurations(ConfigInvoker.java:321)
	at org.testng.internal.TestMethodWorker.invokeBeforeClassMethods(TestMethodWorker.java:176)
	at org.testng.internal.TestMethodWorker.run(TestMethodWorker.java:122)
	at java.util.ArrayList.forEach(Unknown Source)
	at org.testng.TestRunner.privateRun(TestRunner.java:794)
	at org.testng.TestRunner.run(TestRunner.java:596)
	at org.testng.SuiteRunner.runTest(SuiteRunner.java:377)
	at org.testng.SuiteRunner.runSequentially(SuiteRunner.java:371)
	at org.testng.SuiteRunner.privateRun(SuiteRunner.java:332)
	at org.testng.SuiteRunner.run(SuiteRunner.java:276)
	at org.testng.SuiteRunnerWorker.runSuite(SuiteRunnerWorker.java:53)
	at org.testng.SuiteRunnerWorker.run(SuiteRunnerWorker.java:96)
	at org.testng.TestNG.runSuitesSequentially(TestNG.java:1212)
	at org.testng.TestNG.runSuitesLocally(TestNG.java:1134)
	at org.testng.TestNG.runSuites(TestNG.java:1063)
	at org.testng.TestNG.run(TestNG.java:1031)
	at org.apache.maven.surefire.testng.TestNGExecutor.run(TestNGExecutor.java:283)
	at org.apache.maven.surefire.testng.TestNGXmlTestSuite.execute(TestNGXmlTestSuite.java:75)
	at org.apache.maven.surefire.testng.TestNGProvider.invoke(TestNGProvider.java:120)
	at org.apache.maven.surefire.booter.ForkedBooter.invokeProviderInSameClassLoader(ForkedBooter.java:384)
	at org.apache.maven.surefire.booter.ForkedBooter.runSuitesInProcess(ForkedBooter.java:345)
	at org.apache.maven.surefire.booter.ForkedBooter.execute(ForkedBooter.java:126)
	at org.apache.maven.surefire.booter.ForkedBooter.main(ForkedBooter.java:418)
Caused by: java.lang.reflect.InvocationTargetException
	at sun.reflect.NativeMethodAccessorImpl.invoke0(Native Method)
	at sun.reflect.NativeMethodAccessorImpl.invoke(Unknown Source)
	at sun.reflect.DelegatingMethodAccessorImpl.invoke(Unknown Source)
	at java.lang.reflect.Method.invoke(Unknown Source)
	at io.appium.java_client.remote.AppiumCommandExecutor$1.createSession(AppiumCommandExecutor.java:186)
	... 45 more
Caused by: org.openqa.selenium.WebDriverException: Unable to parse remote response: &lt;html&gt;
&lt;head&gt;
   &lt;title&gt;Status page&lt;/title&gt;
&lt;/head&gt;
&lt;body style=&quot;font-family: sans-serif;&quot;&gt;
&lt;p style=&quot;font-size: 1.2em;font-weight: bold;margin: 1em 0px;&quot;&gt;Not Found&lt;/p&gt;
&lt;p&gt;The server has not found anything matching the request URI&lt;/p&gt;
&lt;p&gt;You can get technical details &lt;a href=&quot;http://www.w3.org/Protocols/rfc2616/rfc2616-sec10.html#sec10.4.5&quot;&gt;here&lt;/a&gt;.&lt;br&gt;
Please continue your visit at our &lt;a href=&quot;/&quot;&gt;home page&lt;/a&gt;.
&lt;/p&gt;
&lt;/body&gt;
&lt;/html&gt;

	at org.openqa.selenium.remote.ProtocolHandshake.createSession(ProtocolHandshake.java:115)
	... 50 more
Caused by: org.openqa.selenium.json.JsonException: Unable to determine type from: &lt;. Last 1 characters read: &lt;
Build info: version: &apos;3.141.59&apos;, revision: &apos;e82be7d358&apos;, time: &apos;2018-11-14T08:17:03&apos;
System info: host: &apos;LAPTOP-IQLCMPV6&apos;, ip: &apos;192.168.56.1&apos;, os.name: &apos;Windows 10&apos;, os.arch: &apos;amd64&apos;, os.version: &apos;10.0&apos;, java.version: &apos;1.8.0_291&apos;
Driver info: driver.version: WindowsDriver
	at org.openqa.selenium.json.JsonInput.peek(JsonInput.java:122)
	at org.openqa.selenium.json.JsonTypeCoercer.lambda$null$6(JsonTypeCoercer.java:140)
	at org.openqa.selenium.json.JsonTypeCoercer.coerce(JsonTypeCoercer.java:126)
	at org.openqa.selenium.json.Json.toType(Json.java:69)
	at org.openqa.selenium.json.Json.toType(Json.java:55)
	at org.openqa.selenium.json.Json.toType(Json.java:50)
	at org.openqa.selenium.remote.ProtocolHandshake.createSession(ProtocolHandshake.java:112)
	... 50 more
</pre></div></td>
<td>0</td>
<td>Sanity_tests.Calculator_desktop@6ec8211c</td></tr>
<tr>
<td title='Sanity_tests.Calculator_desktop.Subtraction()'><b>Subtraction</b><br>Test class: Sanity_tests.Calculator_desktop<br>Test method: Test05: Mathematical exercise of subtraction action.</td>
<td><div><pre>org.openqa.selenium.SessionNotCreatedException: Unable to create a new remote session. Please check the server log for more details. Original error: Unable to parse remote response: &lt;html&gt;
&lt;head&gt;
   &lt;title&gt;Status page&lt;/title&gt;
&lt;/head&gt;
&lt;body style=&quot;font-family: sans-serif;&quot;&gt;
&lt;p style=&quot;font-size: 1.2em;font-weight: bold;margin: 1em 0px;&quot;&gt;Not Found&lt;/p&gt;
&lt;p&gt;The server has not found anything matching the request URI&lt;/p&gt;
&lt;p&gt;You can get technical details &lt;a href=&quot;http://www.w3.org/Protocols/rfc2616/rfc2616-sec10.html#sec10.4.5&quot;&gt;here&lt;/a&gt;.&lt;br&gt;
Please continue your visit at our &lt;a href=&quot;/&quot;&gt;home page&lt;/a&gt;.
&lt;/p&gt;
&lt;/body&gt;
&lt;/html&gt;

Build info: version: &apos;3.141.59&apos;, revision: &apos;e82be7d358&apos;, time: &apos;2018-11-14T08:17:03&apos;
System info: host: &apos;LAPTOP-IQLCMPV6&apos;, ip: &apos;192.168.56.1&apos;, os.name: &apos;Windows 10&apos;, os.arch: &apos;amd64&apos;, os.version: &apos;10.0&apos;, java.version: &apos;1.8.0_291&apos;
Driver info: driver.version: WindowsDriver
	at io.appium.java_client.remote.AppiumCommandExecutor$1.createSession(AppiumCommandExecutor.java:208)
	at io.appium.java_client.remote.AppiumCommandExecutor.createSession(AppiumCommandExecutor.java:217)
	at io.appium.java_client.remote.AppiumCommandExecutor.execute(AppiumCommandExecutor.java:239)
	at org.openqa.selenium.remote.RemoteWebDriver.execute(RemoteWebDriver.java:552)
	at io.appium.java_client.DefaultGenericMobileDriver.execute(DefaultGenericMobileDriver.java:41)
	at io.appium.java_client.AppiumDriver.execute(AppiumDriver.java:1)
	at io.appium.java_client.windows.WindowsDriver.execute(WindowsDriver.java:1)
	at org.openqa.selenium.remote.RemoteWebDriver.startSession(RemoteWebDriver.java:213)
	at io.appium.java_client.AppiumDriver.startSession(AppiumDriver.java:323)
	at org.openqa.selenium.remote.RemoteWebDriver.&lt;init&gt;(RemoteWebDriver.java:131)
	at io.appium.java_client.DefaultGenericMobileDriver.&lt;init&gt;(DefaultGenericMobileDriver.java:37)
	at io.appium.java_client.AppiumDriver.&lt;init&gt;(AppiumDriver.java:86)
	at io.appium.java_client.AppiumDriver.&lt;init&gt;(AppiumDriver.java:96)
	at io.appium.java_client.windows.WindowsDriver.&lt;init&gt;(WindowsDriver.java:42)
	at Utilities.common_ops.init_desktop(common_ops.java:134)
	at Utilities.common_ops.startSession(common_ops.java:166)
	at java.util.ArrayList.forEach(Unknown Source)
	at io.appium.java_client.remote.AppiumCommandExecutor$1.createSession(AppiumCommandExecutor.java:186)
	... 45 more
Caused by: org.openqa.selenium.WebDriverException: Unable to parse remote response: &lt;html&gt;
&lt;head&gt;
   &lt;title&gt;Status page&lt;/title&gt;
&lt;/head&gt;
&lt;body style=&quot;font-family: sans-serif;&quot;&gt;
&lt;p style=&quot;font-size: 1.2em;font-weight: bold;margin: 1em 0px;&quot;&gt;Not Found&lt;/p&gt;
&lt;p&gt;The server has not found anything matching the request URI&lt;/p&gt;
&lt;p&gt;You can get technical details &lt;a href=&quot;http://www.w3.org/Protocols/rfc2616/rfc2616-sec10.html#sec10.4.5&quot;&gt;here&lt;/a&gt;.&lt;br&gt;
Please continue your visit at our &lt;a href=&quot;/&quot;&gt;home page&lt;/a&gt;.
&lt;/p&gt;
&lt;/body&gt;
&lt;/html&gt;

	at org.openqa.selenium.remote.ProtocolHandshake.createSession(ProtocolHandshake.java:115)
	... 50 more
Caused by: org.openqa.selenium.json.JsonException: Unable to determine type from: &lt;. Last 1 characters read: &lt;
Build info: version: &apos;3.141.59&apos;, revision: &apos;e82be7d358&apos;, time: &apos;2018-11-14T08:17:03&apos;
System info: host: &apos;LAPTOP-IQLCMPV6&apos;, ip: &apos;192.168.56.1&apos;, os.name: &apos;Windows 10&apos;, os.arch: &apos;amd64&apos;, os.version: &apos;10.0&apos;, java.version: &apos;1.8.0_291&apos;
Driver info: driver.version: WindowsDriver
	at org.openqa.selenium.json.JsonInput.peek(JsonInput.java:122)
	at org.openqa.selenium.json.JsonTypeCoercer.lambda$null$6(JsonTypeCoercer.java:140)
	at org.openqa.selenium.json.JsonTypeCoercer.coerce(JsonTypeCoercer.java:126)
	at org.openqa.selenium.json.Json.toType(Json.java:69)
	at org.openqa.selenium.json.Json.toType(Json.java:55)
	at org.openqa.selenium.json.Json.toType(Json.java:50)
	at org.openqa.selenium.remote.ProtocolHandshake.createSession(ProtocolHandshake.java:112)
	... 50 more
... Removed 34 stack frames</pre></div><a href='#' onClick='toggleBox("stack-trace1419064126", this, "Click to show all stack frames", "Click to hide stack frames")'>Click to show all stack frames</a>
<div class='stack-trace' id='stack-trace1419064126'><pre>org.openqa.selenium.SessionNotCreatedException: Unable to create a new remote session. Please check the server log for more details. Original error: Unable to parse remote response: &lt;html&gt;
&lt;head&gt;
   &lt;title&gt;Status page&lt;/title&gt;
&lt;/head&gt;
&lt;body style=&quot;font-family: sans-serif;&quot;&gt;
&lt;p style=&quot;font-size: 1.2em;font-weight: bold;margin: 1em 0px;&quot;&gt;Not Found&lt;/p&gt;
&lt;p&gt;The server has not found anything matching the request URI&lt;/p&gt;
&lt;p&gt;You can get technical details &lt;a href=&quot;http://www.w3.org/Protocols/rfc2616/rfc2616-sec10.html#sec10.4.5&quot;&gt;here&lt;/a&gt;.&lt;br&gt;
Please continue your visit at our &lt;a href=&quot;/&quot;&gt;home page&lt;/a&gt;.
&lt;/p&gt;
&lt;/body&gt;
&lt;/html&gt;

Build info: version: &apos;3.141.59&apos;, revision: &apos;e82be7d358&apos;, time: &apos;2018-11-14T08:17:03&apos;
System info: host: &apos;LAPTOP-IQLCMPV6&apos;, ip: &apos;192.168.56.1&apos;, os.name: &apos;Windows 10&apos;, os.arch: &apos;amd64&apos;, os.version: &apos;10.0&apos;, java.version: &apos;1.8.0_291&apos;
Driver info: driver.version: WindowsDriver
	at io.appium.java_client.remote.AppiumCommandExecutor$1.createSession(AppiumCommandExecutor.java:208)
	at io.appium.java_client.remote.AppiumCommandExecutor.createSession(AppiumCommandExecutor.java:217)
	at io.appium.java_client.remote.AppiumCommandExecutor.execute(AppiumCommandExecutor.java:239)
	at org.openqa.selenium.remote.RemoteWebDriver.execute(RemoteWebDriver.java:552)
	at io.appium.java_client.DefaultGenericMobileDriver.execute(DefaultGenericMobileDriver.java:41)
	at io.appium.java_client.AppiumDriver.execute(AppiumDriver.java:1)
	at io.appium.java_client.windows.WindowsDriver.execute(WindowsDriver.java:1)
	at org.openqa.selenium.remote.RemoteWebDriver.startSession(RemoteWebDriver.java:213)
	at io.appium.java_client.AppiumDriver.startSession(AppiumDriver.java:323)
	at org.openqa.selenium.remote.RemoteWebDriver.&lt;init&gt;(RemoteWebDriver.java:131)
	at io.appium.java_client.DefaultGenericMobileDriver.&lt;init&gt;(DefaultGenericMobileDriver.java:37)
	at io.appium.java_client.AppiumDriver.&lt;init&gt;(AppiumDriver.java:86)
	at io.appium.java_client.AppiumDriver.&lt;init&gt;(AppiumDriver.java:96)
	at io.appium.java_client.windows.WindowsDriver.&lt;init&gt;(WindowsDriver.java:42)
	at Utilities.common_ops.init_desktop(common_ops.java:134)
	at Utilities.common_ops.startSession(common_ops.java:166)
	at sun.reflect.NativeMethodAccessorImpl.invoke0(Native Method)
	at sun.reflect.NativeMethodAccessorImpl.invoke(Unknown Source)
	at sun.reflect.DelegatingMethodAccessorImpl.invoke(Unknown Source)
	at java.lang.reflect.Method.invoke(Unknown Source)
	at org.testng.internal.MethodInvocationHelper.invokeMethod(MethodInvocationHelper.java:133)
	at org.testng.internal.MethodInvocationHelper.invokeMethodConsideringTimeout(MethodInvocationHelper.java:62)
	at org.testng.internal.ConfigInvoker.invokeConfigurationMethod(ConfigInvoker.java:385)
	at org.testng.internal.ConfigInvoker.invokeConfigurations(ConfigInvoker.java:321)
	at org.testng.internal.TestMethodWorker.invokeBeforeClassMethods(TestMethodWorker.java:176)
	at org.testng.internal.TestMethodWorker.run(TestMethodWorker.java:122)
	at java.util.ArrayList.forEach(Unknown Source)
	at org.testng.TestRunner.privateRun(TestRunner.java:794)
	at org.testng.TestRunner.run(TestRunner.java:596)
	at org.testng.SuiteRunner.runTest(SuiteRunner.java:377)
	at org.testng.SuiteRunner.runSequentially(SuiteRunner.java:371)
	at org.testng.SuiteRunner.privateRun(SuiteRunner.java:332)
	at org.testng.SuiteRunner.run(SuiteRunner.java:276)
	at org.testng.SuiteRunnerWorker.runSuite(SuiteRunnerWorker.java:53)
	at org.testng.SuiteRunnerWorker.run(SuiteRunnerWorker.java:96)
	at org.testng.TestNG.runSuitesSequentially(TestNG.java:1212)
	at org.testng.TestNG.runSuitesLocally(TestNG.java:1134)
	at org.testng.TestNG.runSuites(TestNG.java:1063)
	at org.testng.TestNG.run(TestNG.java:1031)
	at org.apache.maven.surefire.testng.TestNGExecutor.run(TestNGExecutor.java:283)
	at org.apache.maven.surefire.testng.TestNGXmlTestSuite.execute(TestNGXmlTestSuite.java:75)
	at org.apache.maven.surefire.testng.TestNGProvider.invoke(TestNGProvider.java:120)
	at org.apache.maven.surefire.booter.ForkedBooter.invokeProviderInSameClassLoader(ForkedBooter.java:384)
	at org.apache.maven.surefire.booter.ForkedBooter.runSuitesInProcess(ForkedBooter.java:345)
	at org.apache.maven.surefire.booter.ForkedBooter.execute(ForkedBooter.java:126)
	at org.apache.maven.surefire.booter.ForkedBooter.main(ForkedBooter.java:418)
Caused by: java.lang.reflect.InvocationTargetException
	at sun.reflect.NativeMethodAccessorImpl.invoke0(Native Method)
	at sun.reflect.NativeMethodAccessorImpl.invoke(Unknown Source)
	at sun.reflect.DelegatingMethodAccessorImpl.invoke(Unknown Source)
	at java.lang.reflect.Method.invoke(Unknown Source)
	at io.appium.java_client.remote.AppiumCommandExecutor$1.createSession(AppiumCommandExecutor.java:186)
	... 45 more
Caused by: org.openqa.selenium.WebDriverException: Unable to parse remote response: &lt;html&gt;
&lt;head&gt;
   &lt;title&gt;Status page&lt;/title&gt;
&lt;/head&gt;
&lt;body style=&quot;font-family: sans-serif;&quot;&gt;
&lt;p style=&quot;font-size: 1.2em;font-weight: bold;margin: 1em 0px;&quot;&gt;Not Found&lt;/p&gt;
&lt;p&gt;The server has not found anything matching the request URI&lt;/p&gt;
&lt;p&gt;You can get technical details &lt;a href=&quot;http://www.w3.org/Protocols/rfc2616/rfc2616-sec10.html#sec10.4.5&quot;&gt;here&lt;/a&gt;.&lt;br&gt;
Please continue your visit at our &lt;a href=&quot;/&quot;&gt;home page&lt;/a&gt;.
&lt;/p&gt;
&lt;/body&gt;
&lt;/html&gt;

	at org.openqa.selenium.remote.ProtocolHandshake.createSession(ProtocolHandshake.java:115)
	... 50 more
Caused by: org.openqa.selenium.json.JsonException: Unable to determine type from: &lt;. Last 1 characters read: &lt;
Build info: version: &apos;3.141.59&apos;, revision: &apos;e82be7d358&apos;, time: &apos;2018-11-14T08:17:03&apos;
System info: host: &apos;LAPTOP-IQLCMPV6&apos;, ip: &apos;192.168.56.1&apos;, os.name: &apos;Windows 10&apos;, os.arch: &apos;amd64&apos;, os.version: &apos;10.0&apos;, java.version: &apos;1.8.0_291&apos;
Driver info: driver.version: WindowsDriver
	at org.openqa.selenium.json.JsonInput.peek(JsonInput.java:122)
	at org.openqa.selenium.json.JsonTypeCoercer.lambda$null$6(JsonTypeCoercer.java:140)
	at org.openqa.selenium.json.JsonTypeCoercer.coerce(JsonTypeCoercer.java:126)
	at org.openqa.selenium.json.Json.toType(Json.java:69)
	at org.openqa.selenium.json.Json.toType(Json.java:55)
	at org.openqa.selenium.json.Json.toType(Json.java:50)
	at org.openqa.selenium.remote.ProtocolHandshake.createSession(ProtocolHandshake.java:112)
	... 50 more
</pre></div></td>
<td>0</td>
<td>Sanity_tests.Calculator_desktop@6ec8211c</td></tr>
</table><p>
</body>
</html>