<?xml version="1.0" encoding="UTF-8"?>
<!-- Generated by org.testng.reporters.JUnitXMLReporter -->
<testsuite hostname="LAPTOP-IQLCMPV6" ignored="0" name="Mobile Tests" tests="5" failures="0" timestamp="2021-12-02T11:03:41 IST" time="1.623" errors="0">
  <testcase name="@BeforeClass startSession" time="1.405" classname="Utilities.common_ops">
    <failure type="org.openqa.selenium.SessionNotCreatedException" message="Unable to create a new remote session. Please check the server log for more details. Original error: Unable to parse remote response: &amp;lt;html&amp;gt;
&amp;lt;head&amp;gt;
   &amp;lt;title&amp;gt;Status page&amp;lt;/title&amp;gt;
&amp;lt;/head&amp;gt;
&amp;lt;body style=&amp;quot;font-family: sans-serif;&amp;quot;&amp;gt;
&amp;lt;p style=&amp;quot;font-size: 1.2em;font-weight: bold;margin: 1em 0px;&amp;quot;&amp;gt;Not Found&amp;lt;/p&amp;gt;
&amp;lt;p&amp;gt;The server has not found anything matching the request URI&amp;lt;/p&amp;gt;
&amp;lt;p&amp;gt;You can get technical details &amp;lt;a href=&amp;quot;http://www.w3.org/Protocols/rfc2616/rfc2616-sec10.html#sec10.4.5&amp;quot;&amp;gt;here&amp;lt;/a&amp;gt;.&amp;lt;br&amp;gt;
Please continue your visit at our &amp;lt;a href=&amp;quot;/&amp;quot;&amp;gt;home page&amp;lt;/a&amp;gt;.
&amp;lt;/p&amp;gt;
&amp;lt;/body&amp;gt;
&amp;lt;/html&amp;gt;

Build info: version: &amp;apos;3.141.59&amp;apos;, revision: &amp;apos;e82be7d358&amp;apos;, time: &amp;apos;2018-11-14T08:17:03&amp;apos;
System info: host: &amp;apos;LAPTOP-IQLCMPV6&amp;apos;, ip: &amp;apos;192.168.56.1&amp;apos;, os.name: &amp;apos;Windows 10&amp;apos;, os.arch: &amp;apos;amd64&amp;apos;, os.version: &amp;apos;10.0&amp;apos;, java.version: &amp;apos;1.8.0_291&amp;apos;
Driver info: driver.version: WindowsDriver">
      <![CDATA[org.openqa.selenium.SessionNotCreatedException: Unable to create a new remote session. Please check the server log for more details. Original error: Unable to parse remote response: <html>
<head>
   <title>Status page</title>
</head>
<body style="font-family: sans-serif;">
<p style="font-size: 1.2em;font-weight: bold;margin: 1em 0px;">Not Found</p>
<p>The server has not found anything matching the request URI</p>
<p>You can get technical details <a href="http://www.w3.org/Protocols/rfc2616/rfc2616-sec10.html#sec10.4.5">here</a>.<br>
Please continue your visit at our <a href="/">home page</a>.
</p>
</body>
</html>

Build info: version: '3.141.59', revision: 'e82be7d358', time: '2018-11-14T08:17:03'
System info: host: 'LAPTOP-IQLCMPV6', ip: '192.168.56.1', os.name: 'Windows 10', os.arch: 'amd64', os.version: '10.0', java.version: '1.8.0_291'
Driver info: driver.version: WindowsDriver
at io.appium.java_client.remote.AppiumCommandExecutor$1.createSession(AppiumCommandExecutor.java:208)
at io.appium.java_client.remote.AppiumCommandExecutor.createSession(AppiumCommandExecutor.java:217)
at io.appium.java_client.remote.AppiumCommandExecutor.execute(AppiumCommandExecutor.java:239)
at org.openqa.selenium.remote.RemoteWebDriver.execute(RemoteWebDriver.java:552)
at io.appium.java_client.DefaultGenericMobileDriver.execute(DefaultGenericMobileDriver.java:41)
at io.appium.java_client.AppiumDriver.execute(AppiumDriver.java:1)
at io.appium.java_client.windows.WindowsDriver.execute(WindowsDriver.java:1)
at org.openqa.selenium.remote.RemoteWebDriver.startSession(RemoteWebDriver.java:213)
at io.appium.java_client.AppiumDriver.startSession(AppiumDriver.java:323)
at org.openqa.selenium.remote.RemoteWebDriver.<init>(RemoteWebDriver.java:131)
at io.appium.java_client.DefaultGenericMobileDriver.<init>(DefaultGenericMobileDriver.java:37)
at io.appium.java_client.AppiumDriver.<init>(AppiumDriver.java:86)
at io.appium.java_client.AppiumDriver.<init>(AppiumDriver.java:96)
at io.appium.java_client.windows.WindowsDriver.<init>(WindowsDriver.java:42)
at Utilities.common_ops.init_desktop(common_ops.java:134)
at Utilities.common_ops.startSession(common_ops.java:166)
at java.util.ArrayList.forEach(Unknown Source)
at io.appium.java_client.remote.AppiumCommandExecutor$1.createSession(AppiumCommandExecutor.java:186)
... 45 more
Caused by: org.openqa.selenium.WebDriverException: Unable to parse remote response: <html>
<head>
   <title>Status page</title>
</head>
<body style="font-family: sans-serif;">
<p style="font-size: 1.2em;font-weight: bold;margin: 1em 0px;">Not Found</p>
<p>The server has not found anything matching the request URI</p>
<p>You can get technical details <a href="http://www.w3.org/Protocols/rfc2616/rfc2616-sec10.html#sec10.4.5">here</a>.<br>
Please continue your visit at our <a href="/">home page</a>.
</p>
</body>
</html>

at org.openqa.selenium.remote.ProtocolHandshake.createSession(ProtocolHandshake.java:115)
... 50 more
Caused by: org.openqa.selenium.json.JsonException: Unable to determine type from: <. Last 1 characters read: <
Build info: version: '3.141.59', revision: 'e82be7d358', time: '2018-11-14T08:17:03'
System info: host: 'LAPTOP-IQLCMPV6', ip: '192.168.56.1', os.name: 'Windows 10', os.arch: 'amd64', os.version: '10.0', java.version: '1.8.0_291'
Driver info: driver.version: WindowsDriver
at org.openqa.selenium.json.JsonInput.peek(JsonInput.java:122)
at org.openqa.selenium.json.JsonTypeCoercer.lambda$null$6(JsonTypeCoercer.java:140)
at org.openqa.selenium.json.JsonTypeCoercer.coerce(JsonTypeCoercer.java:126)
at org.openqa.selenium.json.Json.toType(Json.java:69)
at org.openqa.selenium.json.Json.toType(Json.java:55)
at org.openqa.selenium.json.Json.toType(Json.java:50)
at org.openqa.selenium.remote.ProtocolHandshake.createSession(ProtocolHandshake.java:112)
... 50 more
... Removed 34 stack frames]]>
    </failure>
  </testcase> <!-- @BeforeClass startSession -->
  <testcase name="@BeforeMethod beforeMethod" time="-1.638435821802E9" classname="Utilities.common_ops">
    <skipped/>
  </testcase> <!-- @BeforeMethod beforeMethod -->
  <testcase name="@AfterMethod afterMethod" time="-1.638435821808E9" classname="Utilities.common_ops">
    <skipped/>
  </testcase> <!-- @AfterMethod afterMethod -->
  <testcase name="@BeforeMethod beforeMethod" time="-1.638435821811E9" classname="Utilities.common_ops">
    <skipped/>
  </testcase> <!-- @BeforeMethod beforeMethod -->
  <testcase name="@AfterMethod afterMethod" time="-1.638435821811E9" classname="Utilities.common_ops">
    <skipped/>
  </testcase> <!-- @AfterMethod afterMethod -->
  <testcase name="@BeforeMethod beforeMethod" time="-1.638435821813E9" classname="Utilities.common_ops">
    <skipped/>
  </testcase> <!-- @BeforeMethod beforeMethod -->
  <testcase name="@AfterMethod afterMethod" time="-1.638435821814E9" classname="Utilities.common_ops">
    <skipped/>
  </testcase> <!-- @AfterMethod afterMethod -->
  <testcase name="@BeforeMethod beforeMethod" time="-1.638435821816E9" classname="Utilities.common_ops">
    <skipped/>
  </testcase> <!-- @BeforeMethod beforeMethod -->
  <testcase name="@AfterMethod afterMethod" time="-1.638435821818E9" classname="Utilities.common_ops">
    <skipped/>
  </testcase> <!-- @AfterMethod afterMethod -->
  <testcase name="@BeforeMethod beforeMethod" time="-1.638435821819E9" classname="Utilities.common_ops">
    <skipped/>
  </testcase> <!-- @BeforeMethod beforeMethod -->
  <testcase name="@AfterMethod afterMethod" time="-1.63843582182E9" classname="Utilities.common_ops">
    <skipped/>
  </testcase> <!-- @AfterMethod afterMethod -->
  <testcase name="@AfterClass closeSession" time="-1.63843582182E9" classname="Utilities.common_ops">
    <skipped/>
  </testcase> <!-- @AfterClass closeSession -->
  <testcase name="Addition" time="0.0" classname="Sanity_tests.Calculator_desktop">
    <skipped/>
  </testcase> <!-- Addition -->
  <testcase name="Combination" time="0.0" classname="Sanity_tests.Calculator_desktop">
    <skipped/>
  </testcase> <!-- Combination -->
  <testcase name="Division" time="0.0" classname="Sanity_tests.Calculator_desktop">
    <skipped/>
  </testcase> <!-- Division -->
  <testcase name="Multiplication" time="0.0" classname="Sanity_tests.Calculator_desktop">
    <skipped/>
  </testcase> <!-- Multiplication -->
  <testcase name="Subtraction" time="0.0" classname="Sanity_tests.Calculator_desktop">
    <skipped/>
  </testcase> <!-- Subtraction -->
</testsuite> <!-- Mobile Tests -->
